ARM GAS  /var/folders/wz/z09yph4n0qj4t7mjxhl6ttn80000gn/T//ccydysJS.s 			page 1


   1              		.cpu cortex-m7
   2              		.arch armv7e-m
   3              		.fpu fpv5-d16
   4              		.eabi_attribute 28, 1
   5              		.eabi_attribute 20, 1
   6              		.eabi_attribute 21, 1
   7              		.eabi_attribute 23, 3
   8              		.eabi_attribute 24, 1
   9              		.eabi_attribute 25, 1
  10              		.eabi_attribute 26, 1
  11              		.eabi_attribute 30, 4
  12              		.eabi_attribute 34, 1
  13              		.eabi_attribute 18, 4
  14              		.file	"ILI9341_ui_driver.cpp"
  15              		.text
  16              	.Ltext0:
  17              		.cfi_sections	.debug_frame
  18              		.section	.text.startup._GLOBAL__sub_I__ZN19ILI9341SpiTransport12frame_bufferE,"ax",%progbits
  19              		.align	1
  20              		.syntax unified
  21              		.thumb
  22              		.thumb_func
  24              	_GLOBAL__sub_I__ZN19ILI9341SpiTransport12frame_bufferE:
  25              	.LFB2635:
  26              		.file 1 "Drivers/ILI9341_ui_driver.cpp"
   1:Drivers/ILI9341_ui_driver.cpp **** #include "daisy_ILI9341.hpp"
   2:Drivers/ILI9341_ui_driver.cpp **** 
   3:Drivers/ILI9341_ui_driver.cpp **** uint8_t DMA_BUFFER_MEM_SECTION
   4:Drivers/ILI9341_ui_driver.cpp ****     ILI9341SpiTransport::frame_buffer[ILI9341SpiTransport::buffer_size]
   5:Drivers/ILI9341_ui_driver.cpp ****     = {0}; // DMA max (?) 65536 // full screen - 153600
   6:Drivers/ILI9341_ui_driver.cpp **** 
   7:Drivers/ILI9341_ui_driver.cpp **** uint8_t DSY_SDRAM_BSS
   8:Drivers/ILI9341_ui_driver.cpp ****     ILI9341SpiTransport::color_mem[ILI9341SpiTransport::buffer_size / 2]
   9:Drivers/ILI9341_ui_driver.cpp ****     = {0};
  27              		.loc 1 9 10 view -0
  28              		.cfi_startproc
  29              		@ args = 0, pretend = 0, frame = 0
  30              		@ frame_needed = 0, uses_anonymous_args = 0
  31              		@ link register save eliminated.
  32              	.LVL0:
  33              	.LBB25:
  34              	.LBI25:
  35              		.loc 1 9 10 view .LVU1
  36              	.LBB26:
  37              	.LBB27:
  38              	.LBI27:
  39              		.file 2 "Drivers/daisy_ILI9341.hpp"
   1:Drivers/daisy_ILI9341.hpp **** #ifndef DAISY_ILI9341_HPP
   2:Drivers/daisy_ILI9341.hpp **** #define DAISY_ILI9341_HPP
   3:Drivers/daisy_ILI9341.hpp **** 
   4:Drivers/daisy_ILI9341.hpp **** #include <cstring>
   5:Drivers/daisy_ILI9341.hpp **** 
   6:Drivers/daisy_ILI9341.hpp **** #include "daisy_seed.h"
   7:Drivers/daisy_ILI9341.hpp **** #include <util/oled_fonts.h>
   8:Drivers/daisy_ILI9341.hpp **** #include <hid/disp/graphics_common.h>
   9:Drivers/daisy_ILI9341.hpp **** 
  10:Drivers/daisy_ILI9341.hpp **** using namespace daisy;
ARM GAS  /var/folders/wz/z09yph4n0qj4t7mjxhl6ttn80000gn/T//ccydysJS.s 			page 2


  11:Drivers/daisy_ILI9341.hpp **** 
  12:Drivers/daisy_ILI9341.hpp **** // #define SPI1_NSS 7    // LCD CS 3
  13:Drivers/daisy_ILI9341.hpp **** // #define SPI1_SCK 8    // LCD SCK 7
  14:Drivers/daisy_ILI9341.hpp **** // #define SPI1_MOSI 10  // LCD MOSI 6
  15:Drivers/daisy_ILI9341.hpp **** // #define ADC1_INP15 16 // PIN 23 - LCD RST 4
  16:Drivers/daisy_ILI9341.hpp **** // #define DAC1_OUT2 22  //PIN 29 - LCD DC 5
  17:Drivers/daisy_ILI9341.hpp **** 
  18:Drivers/daisy_ILI9341.hpp **** // #define SPI1_MISO 9 // Not used
  19:Drivers/daisy_ILI9341.hpp **** // #define I2C1_SCL 11
  20:Drivers/daisy_ILI9341.hpp **** // #define I2C1_SDA 12
  21:Drivers/daisy_ILI9341.hpp **** 
  22:Drivers/daisy_ILI9341.hpp **** enum TFT_COLOR
  23:Drivers/daisy_ILI9341.hpp **** {
  24:Drivers/daisy_ILI9341.hpp ****     COLOR_BLACK = 0,
  25:Drivers/daisy_ILI9341.hpp ****     COLOR_WHITE,
  26:Drivers/daisy_ILI9341.hpp ****     COLOR_BLUE,
  27:Drivers/daisy_ILI9341.hpp ****     COLOR_DARK_BLUE,
  28:Drivers/daisy_ILI9341.hpp ****     COLOR_CYAN,
  29:Drivers/daisy_ILI9341.hpp ****     COLOR_YELLOW,
  30:Drivers/daisy_ILI9341.hpp ****     COLOR_DARK_YELLOW,
  31:Drivers/daisy_ILI9341.hpp ****     COLOR_ORANGE,
  32:Drivers/daisy_ILI9341.hpp ****     COLOR_RED,
  33:Drivers/daisy_ILI9341.hpp ****     COLOR_DARK_RED,
  34:Drivers/daisy_ILI9341.hpp ****     COLOR_GREEN,
  35:Drivers/daisy_ILI9341.hpp ****     COLOR_DARK_GREEN,
  36:Drivers/daisy_ILI9341.hpp ****     COLOR_LIGHT_GREEN,
  37:Drivers/daisy_ILI9341.hpp ****     COLOR_GRAY,
  38:Drivers/daisy_ILI9341.hpp ****     COLOR_DARK_GRAY,
  39:Drivers/daisy_ILI9341.hpp ****     COLOR_LIGHT_GRAY,
  40:Drivers/daisy_ILI9341.hpp ****     COLOR_MEDIUM_GRAY,
  41:Drivers/daisy_ILI9341.hpp ****     COLOR_ABL_BG,
  42:Drivers/daisy_ILI9341.hpp ****     COLOR_ABL_LINE,
  43:Drivers/daisy_ILI9341.hpp ****     COLOR_ABL_D_LINE,
  44:Drivers/daisy_ILI9341.hpp ****     COLOR_ABL_L_GRAY,
  45:Drivers/daisy_ILI9341.hpp ****     COLOR_ABL_M_GRAY,
  46:Drivers/daisy_ILI9341.hpp ****     NUMBER_OF_TFT_COLORS,
  47:Drivers/daisy_ILI9341.hpp **** };
  48:Drivers/daisy_ILI9341.hpp **** 
  49:Drivers/daisy_ILI9341.hpp **** /**
  50:Drivers/daisy_ILI9341.hpp ****  * SPI Transport for ILI9341 TFT display devices
  51:Drivers/daisy_ILI9341.hpp ****  */
  52:Drivers/daisy_ILI9341.hpp **** class ILI9341SpiTransport
  53:Drivers/daisy_ILI9341.hpp **** {
  54:Drivers/daisy_ILI9341.hpp ****   public:
  55:Drivers/daisy_ILI9341.hpp ****     void Init()
  56:Drivers/daisy_ILI9341.hpp ****     {
  57:Drivers/daisy_ILI9341.hpp ****         // Initialize SPI
  58:Drivers/daisy_ILI9341.hpp ****         SpiHandle::Config spi_config;
  59:Drivers/daisy_ILI9341.hpp ****         spi_config.periph    = SpiHandle::Config::Peripheral::SPI_1;
  60:Drivers/daisy_ILI9341.hpp ****         spi_config.mode      = SpiHandle::Config::Mode::MASTER;
  61:Drivers/daisy_ILI9341.hpp ****         spi_config.direction = SpiHandle::Config::Direction::TWO_LINES_TX_ONLY;
  62:Drivers/daisy_ILI9341.hpp ****         spi_config.clock_polarity  = SpiHandle::Config::ClockPolarity::LOW;
  63:Drivers/daisy_ILI9341.hpp ****         spi_config.baud_prescaler  = SpiHandle::Config::BaudPrescaler::PS_2;
  64:Drivers/daisy_ILI9341.hpp ****         spi_config.clock_phase     = SpiHandle::Config::ClockPhase::ONE_EDGE;
  65:Drivers/daisy_ILI9341.hpp ****         spi_config.nss             = SpiHandle::Config::NSS::HARD_OUTPUT;
  66:Drivers/daisy_ILI9341.hpp ****         spi_config.datasize        = 8;
  67:Drivers/daisy_ILI9341.hpp ****         spi_config.pin_config.sclk = {DSY_GPIOG, 11};
ARM GAS  /var/folders/wz/z09yph4n0qj4t7mjxhl6ttn80000gn/T//ccydysJS.s 			page 3


  68:Drivers/daisy_ILI9341.hpp ****         spi_config.pin_config.mosi = {DSY_GPIOB, 5};
  69:Drivers/daisy_ILI9341.hpp ****         spi_config.pin_config.nss  = {DSY_GPIOG, 10};
  70:Drivers/daisy_ILI9341.hpp ****         // spi_config.pin_config.miso = {DSY_GPIOX, 0}; // not used
  71:Drivers/daisy_ILI9341.hpp **** 
  72:Drivers/daisy_ILI9341.hpp ****         // v0.1 mix up
  73:Drivers/daisy_ILI9341.hpp ****         //uint8_t dc_pin    = 16;
  74:Drivers/daisy_ILI9341.hpp ****         //uint8_t reset_pin = 22;
  75:Drivers/daisy_ILI9341.hpp **** 
  76:Drivers/daisy_ILI9341.hpp ****         // DC pin
  77:Drivers/daisy_ILI9341.hpp ****         pin_dc_.mode = DSY_GPIO_MODE_OUTPUT_PP;
  78:Drivers/daisy_ILI9341.hpp ****         pin_dc_.pin  = seed::D12;
  79:Drivers/daisy_ILI9341.hpp ****         dsy_gpio_init(&pin_dc_);
  80:Drivers/daisy_ILI9341.hpp ****         // Reset pin
  81:Drivers/daisy_ILI9341.hpp ****         pin_reset_.mode = DSY_GPIO_MODE_OUTPUT_PP;
  82:Drivers/daisy_ILI9341.hpp ****         pin_reset_.pin  = seed::D11;
  83:Drivers/daisy_ILI9341.hpp ****         dsy_gpio_init(&pin_reset_);
  84:Drivers/daisy_ILI9341.hpp ****         // CS pin
  85:Drivers/daisy_ILI9341.hpp ****         pin_cs_.mode = DSY_GPIO_MODE_OUTPUT_PP;
  86:Drivers/daisy_ILI9341.hpp ****         pin_cs_.pin  = spi_config.pin_config.nss;
  87:Drivers/daisy_ILI9341.hpp ****         dsy_gpio_init(&pin_cs_);
  88:Drivers/daisy_ILI9341.hpp **** 
  89:Drivers/daisy_ILI9341.hpp ****         spi_.Init(spi_config);
  90:Drivers/daisy_ILI9341.hpp **** 
  91:Drivers/daisy_ILI9341.hpp ****         InitPalette();
  92:Drivers/daisy_ILI9341.hpp ****     };
  93:Drivers/daisy_ILI9341.hpp **** 
  94:Drivers/daisy_ILI9341.hpp ****     void Reset()
  95:Drivers/daisy_ILI9341.hpp ****     {
  96:Drivers/daisy_ILI9341.hpp ****         dsy_gpio_write(&pin_reset_, 0);
  97:Drivers/daisy_ILI9341.hpp ****         System::Delay(10);
  98:Drivers/daisy_ILI9341.hpp ****         dsy_gpio_write(&pin_reset_, 1);
  99:Drivers/daisy_ILI9341.hpp ****         System::Delay(120);
 100:Drivers/daisy_ILI9341.hpp ****     }
 101:Drivers/daisy_ILI9341.hpp **** 
 102:Drivers/daisy_ILI9341.hpp ****     /*void ClearBuffer(uint16_t color) { 
 103:Drivers/daisy_ILI9341.hpp ****         for (size_t i = 0; i < buffer_size / 2; i++) {
 104:Drivers/daisy_ILI9341.hpp ****             frame_buffer[i * 2] = color >> 8;
 105:Drivers/daisy_ILI9341.hpp ****             frame_buffer[i * 2 + 1] = color & 0xFF; // new function
 106:Drivers/daisy_ILI9341.hpp ****         }
 107:Drivers/daisy_ILI9341.hpp ****     }*/
 108:Drivers/daisy_ILI9341.hpp **** 
 109:Drivers/daisy_ILI9341.hpp ****     // an internal function to handle SPI DMA callbacks
 110:Drivers/daisy_ILI9341.hpp ****     // called when an DMA transmission completes and the next driver must be updated
 111:Drivers/daisy_ILI9341.hpp ****     static void TxCompleteCallback(void* context, SpiHandle::Result result)
 112:Drivers/daisy_ILI9341.hpp ****     {
 113:Drivers/daisy_ILI9341.hpp ****         if(result == SpiHandle::Result::OK)
 114:Drivers/daisy_ILI9341.hpp ****         {
 115:Drivers/daisy_ILI9341.hpp ****             auto transport     = static_cast<ILI9341SpiTransport*>(context);
 116:Drivers/daisy_ILI9341.hpp ****             auto transfer_size = transport->GetTransferSize();
 117:Drivers/daisy_ILI9341.hpp ****             transport->remaining_buff -= transfer_size;
 118:Drivers/daisy_ILI9341.hpp ****             if(transport->remaining_buff > 0)
 119:Drivers/daisy_ILI9341.hpp ****             {
 120:Drivers/daisy_ILI9341.hpp ****                 uint8_t* next_buffer_ptr = transport->frame_buffer + (transport->buffer_size - tran
 121:Drivers/daisy_ILI9341.hpp ****                 transport->SendDataDMA(
 122:Drivers/daisy_ILI9341.hpp ****                    &frame_buffer[buffer_size - transport->remaining_buff],
 123:Drivers/daisy_ILI9341.hpp ****                     transfer_size);
 124:Drivers/daisy_ILI9341.hpp ****                     
ARM GAS  /var/folders/wz/z09yph4n0qj4t7mjxhl6ttn80000gn/T//ccydysJS.s 			page 4


 125:Drivers/daisy_ILI9341.hpp **** 
 126:Drivers/daisy_ILI9341.hpp ****                 // 16bit transfer             uncommented
 127:Drivers/daisy_ILI9341.hpp ****                 // transport->SendDataDMA(
 128:Drivers/daisy_ILI9341.hpp ****                   //   &frame_buffer[2 * transport->buf_chunk_size],
 129:Drivers/daisy_ILI9341.hpp ****                     // transport->buf_chunk_size);
 130:Drivers/daisy_ILI9341.hpp ****             }
 131:Drivers/daisy_ILI9341.hpp ****             else
 132:Drivers/daisy_ILI9341.hpp ****             {
 133:Drivers/daisy_ILI9341.hpp ****                 //System::Delay(120);
 134:Drivers/daisy_ILI9341.hpp ****                 transport->dma_busy = false;
 135:Drivers/daisy_ILI9341.hpp ****                 
 136:Drivers/daisy_ILI9341.hpp **** 
 137:Drivers/daisy_ILI9341.hpp ****                 // 8 bit transfer
 138:Drivers/daisy_ILI9341.hpp ****                 // auto* spi_h = transport->spi_.GetHandle();
 139:Drivers/daisy_ILI9341.hpp ****                 // spi_h->Instance->CFG1 &= ~SPI_CFG1_DSIZE_3;
 140:Drivers/daisy_ILI9341.hpp ****                 // spi_h->Instance->CFG2 &= ~SPI_CFG2_LSBFRST;
 141:Drivers/daisy_ILI9341.hpp ****                 // spi_h->Init.DataSize = SPI_DATASIZE_8BIT;
 142:Drivers/daisy_ILI9341.hpp ****             }
 143:Drivers/daisy_ILI9341.hpp ****         }
 144:Drivers/daisy_ILI9341.hpp ****     }
 145:Drivers/daisy_ILI9341.hpp **** 
 146:Drivers/daisy_ILI9341.hpp ****     SpiHandle::Result SendDataDMA()
 147:Drivers/daisy_ILI9341.hpp ****     {
 148:Drivers/daisy_ILI9341.hpp ****         remaining_buff = buffer_size;
 149:Drivers/daisy_ILI9341.hpp ****         //System::Delay(120);
 150:Drivers/daisy_ILI9341.hpp ****         dma_busy       = true;
 151:Drivers/daisy_ILI9341.hpp ****         
 152:Drivers/daisy_ILI9341.hpp **** 
 153:Drivers/daisy_ILI9341.hpp ****         // auto* spi_h = spi_.GetHandle();
 154:Drivers/daisy_ILI9341.hpp ****         // spi_h->Instance->CFG1 |= SPI_CFG1_DSIZE_3;
 155:Drivers/daisy_ILI9341.hpp ****         // spi_h->Instance->CFG2 |= SPI_CFG2_LSBFRST;
 156:Drivers/daisy_ILI9341.hpp ****         // spi_h->Init.DataSize = SPI_DATASIZE_16BIT; // 15;
 157:Drivers/daisy_ILI9341.hpp **** 
 158:Drivers/daisy_ILI9341.hpp ****         return SendDataDMA(frame_buffer, buf_chunk_size);
 159:Drivers/daisy_ILI9341.hpp ****     };
 160:Drivers/daisy_ILI9341.hpp **** 
 161:Drivers/daisy_ILI9341.hpp ****     SpiHandle::Result SendDataDMA(uint8_t* buff, size_t size)
 162:Drivers/daisy_ILI9341.hpp ****     {
 163:Drivers/daisy_ILI9341.hpp ****         dsy_gpio_write(&pin_dc_, 1);
 164:Drivers/daisy_ILI9341.hpp ****         return spi_.DmaTransmit(buff, size, nullptr, &TxCompleteCallback, this);
 165:Drivers/daisy_ILI9341.hpp ****     };
 166:Drivers/daisy_ILI9341.hpp **** 
 167:Drivers/daisy_ILI9341.hpp ****     uint32_t GetTransferSize() const
 168:Drivers/daisy_ILI9341.hpp ****     {
 169:Drivers/daisy_ILI9341.hpp ****         return remaining_buff < buf_chunk_size ? remaining_buff
 170:Drivers/daisy_ILI9341.hpp ****                                                : buf_chunk_size;
 171:Drivers/daisy_ILI9341.hpp ****         // return remaining_buff < 2 * buf_chunk_size ? remaining_buff // uncommented these two lin
 172:Drivers/daisy_ILI9341.hpp ****           //                                         : 2 * buf_chunk_size;
 173:Drivers/daisy_ILI9341.hpp ****     }
 174:Drivers/daisy_ILI9341.hpp **** 
 175:Drivers/daisy_ILI9341.hpp ****     SpiHandle::Result SendCommand(uint8_t cmd)
 176:Drivers/daisy_ILI9341.hpp ****     {
 177:Drivers/daisy_ILI9341.hpp ****         dsy_gpio_write(&pin_dc_, 0);
 178:Drivers/daisy_ILI9341.hpp ****         return spi_.BlockingTransmit(&cmd, 1);
 179:Drivers/daisy_ILI9341.hpp ****     };
 180:Drivers/daisy_ILI9341.hpp **** 
 181:Drivers/daisy_ILI9341.hpp ****     SpiHandle::Result SendData(uint8_t* buff, size_t size)
ARM GAS  /var/folders/wz/z09yph4n0qj4t7mjxhl6ttn80000gn/T//ccydysJS.s 			page 5


 182:Drivers/daisy_ILI9341.hpp ****     {
 183:Drivers/daisy_ILI9341.hpp ****         dsy_gpio_write(&pin_dc_, 1);
 184:Drivers/daisy_ILI9341.hpp ****         return spi_.BlockingTransmit(buff, size);
 185:Drivers/daisy_ILI9341.hpp ****     };
 186:Drivers/daisy_ILI9341.hpp **** 
 187:Drivers/daisy_ILI9341.hpp ****     void SetAddressWindow(uint16_t x0, uint16_t y0, uint16_t x1, uint16_t y1)
 188:Drivers/daisy_ILI9341.hpp ****     {
 189:Drivers/daisy_ILI9341.hpp ****         // column address set
 190:Drivers/daisy_ILI9341.hpp ****         SendCommand(0x2A); // CASET
 191:Drivers/daisy_ILI9341.hpp ****         {
 192:Drivers/daisy_ILI9341.hpp ****             uint8_t data[4] = {static_cast<uint8_t>((x0 >> 8) & 0xFF),
 193:Drivers/daisy_ILI9341.hpp ****                                static_cast<uint8_t>(x0 & 0xFF),
 194:Drivers/daisy_ILI9341.hpp ****                                static_cast<uint8_t>((x1 >> 8) & 0xFF),
 195:Drivers/daisy_ILI9341.hpp ****                                static_cast<uint8_t>(x1 & 0xFF)};
 196:Drivers/daisy_ILI9341.hpp ****             SendData(data, 4);
 197:Drivers/daisy_ILI9341.hpp ****         }
 198:Drivers/daisy_ILI9341.hpp **** 
 199:Drivers/daisy_ILI9341.hpp ****         // row address set
 200:Drivers/daisy_ILI9341.hpp ****         SendCommand(0x2B); // RASET
 201:Drivers/daisy_ILI9341.hpp ****         {
 202:Drivers/daisy_ILI9341.hpp ****             uint8_t data[4] = {static_cast<uint8_t>((y0 >> 8) & 0xFF),
 203:Drivers/daisy_ILI9341.hpp ****                                static_cast<uint8_t>(y0 & 0xFF),
 204:Drivers/daisy_ILI9341.hpp ****                                static_cast<uint8_t>((y1 >> 8) & 0xFF),
 205:Drivers/daisy_ILI9341.hpp ****                                static_cast<uint8_t>(y1 & 0xFF)};
 206:Drivers/daisy_ILI9341.hpp ****             SendData(data, 4);
 207:Drivers/daisy_ILI9341.hpp ****         }
 208:Drivers/daisy_ILI9341.hpp **** 
 209:Drivers/daisy_ILI9341.hpp ****         // write to RAM
 210:Drivers/daisy_ILI9341.hpp ****         SendCommand(0x2C); // RAMWR
 211:Drivers/daisy_ILI9341.hpp ****     }
 212:Drivers/daisy_ILI9341.hpp **** 
 213:Drivers/daisy_ILI9341.hpp ****     void PaintPixel(uint32_t id, uint8_t color_id, uint8_t alpha = 255) const
 214:Drivers/daisy_ILI9341.hpp ****     {
 215:Drivers/daisy_ILI9341.hpp ****           
 216:Drivers/daisy_ILI9341.hpp **** 
 217:Drivers/daisy_ILI9341.hpp ****         auto color = tftPalette[color_id];
 218:Drivers/daisy_ILI9341.hpp **** 
 219:Drivers/daisy_ILI9341.hpp ****         if(alpha != 255)
 220:Drivers/daisy_ILI9341.hpp ****         {
 221:Drivers/daisy_ILI9341.hpp ****             
 222:Drivers/daisy_ILI9341.hpp **** 
 223:Drivers/daisy_ILI9341.hpp ****             auto bg_color = tftPalette[color_mem[id]];
 224:Drivers/daisy_ILI9341.hpp ****             color         = Blend565(color, bg_color, alpha);
 225:Drivers/daisy_ILI9341.hpp ****         }
 226:Drivers/daisy_ILI9341.hpp **** 
 227:Drivers/daisy_ILI9341.hpp ****         color_mem[id] = color_id; 
 228:Drivers/daisy_ILI9341.hpp **** 
 229:Drivers/daisy_ILI9341.hpp ****         frame_buffer[id]     = color >> 8;
 230:Drivers/daisy_ILI9341.hpp ****         frame_buffer[id + 1] = color & 0xFF;
 231:Drivers/daisy_ILI9341.hpp ****     }
 232:Drivers/daisy_ILI9341.hpp **** 
 233:Drivers/daisy_ILI9341.hpp ****     uint16_t GetPixel(uint32_t id) { return color_mem[id]; }
 234:Drivers/daisy_ILI9341.hpp **** 
 235:Drivers/daisy_ILI9341.hpp ****     bool     dma_busy       = false;
 236:Drivers/daisy_ILI9341.hpp ****     uint32_t remaining_buff = 0;
 237:Drivers/daisy_ILI9341.hpp ****     
 238:Drivers/daisy_ILI9341.hpp **** 
ARM GAS  /var/folders/wz/z09yph4n0qj4t7mjxhl6ttn80000gn/T//ccydysJS.s 			page 6


 239:Drivers/daisy_ILI9341.hpp ****     static uint32_t const buffer_size    = 153600;          // 320 * 240 * 2   = 153600
 240:Drivers/daisy_ILI9341.hpp ****     const uint16_t        buf_chunk_size = buffer_size / 3; // 8bit data
 241:Drivers/daisy_ILI9341.hpp ****     //const uint16_t buf_chunk_size = buffer_size / 4; // 16bit data
 242:Drivers/daisy_ILI9341.hpp **** 
 243:Drivers/daisy_ILI9341.hpp ****     static uint8_t DMA_BUFFER_MEM_SECTION frame_buffer[buffer_size];
 244:Drivers/daisy_ILI9341.hpp ****     static uint8_t DSY_SDRAM_BSS          color_mem[buffer_size / 2];
 245:Drivers/daisy_ILI9341.hpp ****     SpiHandle                             spi_;
 246:Drivers/daisy_ILI9341.hpp **** 
 247:Drivers/daisy_ILI9341.hpp ****     uint16_t tftPalette[NUMBER_OF_TFT_COLORS];
 248:Drivers/daisy_ILI9341.hpp **** 
 249:Drivers/daisy_ILI9341.hpp ****   private:
 250:Drivers/daisy_ILI9341.hpp ****     dsy_gpio pin_reset_;
 251:Drivers/daisy_ILI9341.hpp ****     dsy_gpio pin_dc_;
 252:Drivers/daisy_ILI9341.hpp ****     dsy_gpio pin_cs_;
 253:Drivers/daisy_ILI9341.hpp **** 
 254:Drivers/daisy_ILI9341.hpp **** 
 255:Drivers/daisy_ILI9341.hpp ****     //   rrrrrggggggbbbbb
 256:Drivers/daisy_ILI9341.hpp **** #define MASK_RB 63519       // 0b1111100000011111
 257:Drivers/daisy_ILI9341.hpp **** #define MASK_G 2016         // 0b0000011111100000
 258:Drivers/daisy_ILI9341.hpp **** #define MASK_MUL_RB 4065216 // 0b1111100000011111000000
 259:Drivers/daisy_ILI9341.hpp **** #define MASK_MUL_G 129024   // 0b0000011111100000000000
 260:Drivers/daisy_ILI9341.hpp **** #define MAX_ALPHA 64        // 6bits+1 with rounding
 261:Drivers/daisy_ILI9341.hpp **** 
 262:Drivers/daisy_ILI9341.hpp ****     uint16_t Blend565(uint16_t fg, uint16_t bg, uint8_t alpha) const
 263:Drivers/daisy_ILI9341.hpp ****     {
 264:Drivers/daisy_ILI9341.hpp ****         // alpha for foreground multiplication
 265:Drivers/daisy_ILI9341.hpp ****         // convert from 8bit to (6bit+1) with rounding
 266:Drivers/daisy_ILI9341.hpp ****         // will be in [0..64] inclusive
 267:Drivers/daisy_ILI9341.hpp ****         alpha = (alpha + 2) >> 2;
 268:Drivers/daisy_ILI9341.hpp ****         // "beta" for background multiplication; (6bit+1);
 269:Drivers/daisy_ILI9341.hpp ****         // will be in [0..64] inclusive
 270:Drivers/daisy_ILI9341.hpp ****         uint8_t beta = MAX_ALPHA - alpha;
 271:Drivers/daisy_ILI9341.hpp ****         // so (0..64)*alpha + (0..64)*beta always in 0..64
 272:Drivers/daisy_ILI9341.hpp **** 
 273:Drivers/daisy_ILI9341.hpp ****         return (uint16_t)((((alpha * (uint32_t)(fg & MASK_RB)
 274:Drivers/daisy_ILI9341.hpp ****                              + beta * (uint32_t)(bg & MASK_RB))
 275:Drivers/daisy_ILI9341.hpp ****                             & MASK_MUL_RB)
 276:Drivers/daisy_ILI9341.hpp ****                            | ((alpha * (fg & MASK_G) + beta * (bg & MASK_G))
 277:Drivers/daisy_ILI9341.hpp ****                               & MASK_MUL_G))
 278:Drivers/daisy_ILI9341.hpp ****                           >> 6);
 279:Drivers/daisy_ILI9341.hpp ****     }
 280:Drivers/daisy_ILI9341.hpp **** 
 281:Drivers/daisy_ILI9341.hpp ****     /*
 282:Drivers/daisy_ILI9341.hpp ****   result masks of multiplications
 283:Drivers/daisy_ILI9341.hpp ****   uppercase: usable bits of multiplications
 284:Drivers/daisy_ILI9341.hpp ****   RRRRRrrrrrrBBBBBbbbbbb // 5-5 bits of red+blue
 285:Drivers/daisy_ILI9341.hpp ****         1111100000011111 // from MASK_RB * 1
 286:Drivers/daisy_ILI9341.hpp ****   1111100000011111000000 //   to MASK_RB * MAX_ALPHA // 22 bits!
 287:Drivers/daisy_ILI9341.hpp **** 
 288:Drivers/daisy_ILI9341.hpp **** 
 289:Drivers/daisy_ILI9341.hpp ****   -----GGGGGGgggggg----- // 6 bits of green
 290:Drivers/daisy_ILI9341.hpp ****         0000011111100000 // from MASK_G * 1
 291:Drivers/daisy_ILI9341.hpp ****   0000011111100000000000 //   to MASK_G * MAX_ALPHA
 292:Drivers/daisy_ILI9341.hpp **** */
 293:Drivers/daisy_ILI9341.hpp **** 
 294:Drivers/daisy_ILI9341.hpp **** 
 295:Drivers/daisy_ILI9341.hpp ****     void InitPalette()
ARM GAS  /var/folders/wz/z09yph4n0qj4t7mjxhl6ttn80000gn/T//ccydysJS.s 			page 7


 296:Drivers/daisy_ILI9341.hpp ****     {
 297:Drivers/daisy_ILI9341.hpp ****         // HEX to RBG565 converter: https://trolsoft.ru/en/articles/rgb565-color-picker
 298:Drivers/daisy_ILI9341.hpp ****         tftPalette[COLOR_BLACK]       = 0x0000;
 299:Drivers/daisy_ILI9341.hpp ****         tftPalette[COLOR_WHITE]       = 0xffff;
 300:Drivers/daisy_ILI9341.hpp ****         tftPalette[COLOR_BLUE]        = 0x5AFF;
 301:Drivers/daisy_ILI9341.hpp ****         tftPalette[COLOR_DARK_BLUE]   = 0x18EB;
 302:Drivers/daisy_ILI9341.hpp ****         tftPalette[COLOR_YELLOW]      = 0xFFE0;
 303:Drivers/daisy_ILI9341.hpp ****         tftPalette[COLOR_DARK_YELLOW] = 0x49E1;
 304:Drivers/daisy_ILI9341.hpp ****         tftPalette[COLOR_RED]         = 0xF9E1; // 0xff4010
 305:Drivers/daisy_ILI9341.hpp ****         tftPalette[COLOR_DARK_RED]    = 0x4880; // 0x401000
 306:Drivers/daisy_ILI9341.hpp ****         tftPalette[COLOR_GREEN]       = 0x3FE7; // 0x40ff40
 307:Drivers/daisy_ILI9341.hpp ****         tftPalette[COLOR_DARK_GREEN]  = 0x01E0; // 0x004000
 308:Drivers/daisy_ILI9341.hpp ****         tftPalette[COLOR_LIGHT_GRAY]  = 0xAD75; // 0xb0b0b0
 309:Drivers/daisy_ILI9341.hpp ****         tftPalette[COLOR_MEDIUM_GRAY] = 0x8C71; // 0x909090
 310:Drivers/daisy_ILI9341.hpp ****         tftPalette[COLOR_GRAY]        = 0x5AEB; // 0x606060
 311:Drivers/daisy_ILI9341.hpp ****         tftPalette[COLOR_DARK_GRAY]   = 0x2965; // 0x303030
 312:Drivers/daisy_ILI9341.hpp ****         tftPalette[COLOR_CYAN]        = 0x76FD; // 0x76dfef
 313:Drivers/daisy_ILI9341.hpp ****         tftPalette[COLOR_ORANGE]      = 0xFBE0; // 0xff7f00
 314:Drivers/daisy_ILI9341.hpp ****         tftPalette[COLOR_LIGHT_GREEN] = 0x6FED; // 0x70ff70
 315:Drivers/daisy_ILI9341.hpp ****         // tftPalette[COLOR_ABL_BG]      = (0x2104); // 0x212121
 316:Drivers/daisy_ILI9341.hpp ****         tftPalette[COLOR_ABL_BG]     = 0x4A69; // #4D4D4D
 317:Drivers/daisy_ILI9341.hpp ****         tftPalette[COLOR_ABL_LINE]   = 0x39E7; // 0x3d3d3d
 318:Drivers/daisy_ILI9341.hpp ****         tftPalette[COLOR_ABL_D_LINE] = 0x31A6; // 0x363636
 319:Drivers/daisy_ILI9341.hpp ****         tftPalette[COLOR_ABL_L_GRAY] = 0x52AA; // 0x555555
 320:Drivers/daisy_ILI9341.hpp ****         tftPalette[COLOR_ABL_M_GRAY] = 0x4228; // 0x454545
 321:Drivers/daisy_ILI9341.hpp ****         //System::Delay(1000);
 322:Drivers/daisy_ILI9341.hpp ****     }
 323:Drivers/daisy_ILI9341.hpp **** };
 324:Drivers/daisy_ILI9341.hpp **** 
 325:Drivers/daisy_ILI9341.hpp **** 
 326:Drivers/daisy_ILI9341.hpp **** /**
 327:Drivers/daisy_ILI9341.hpp ****  * A driver implementation for the ILI9341
 328:Drivers/daisy_ILI9341.hpp ****  */
 329:Drivers/daisy_ILI9341.hpp **** // class ILI9341Driver
 330:Drivers/daisy_ILI9341.hpp **** class UiDriver
  40              		.loc 2 330 7 view .LVU2
  41              	.LBB28:
  42              	.LBB29:
  43              	.LBI29:
  52:Drivers/daisy_ILI9341.hpp **** {
  44              		.loc 2 52 7 view .LVU3
  45              	.LBB30:
  46 0000 094B     		ldr	r3, .L2
  47 0002 4FF44841 		mov	r1, #51200
  48 0006 0022     		movs	r2, #0
  49 0008 9982     		strh	r1, [r3, #20]	@ movhi
  50              	.LVL1:
  51              	.LBB31:
  52              	.LBI31:
  53              		.file 3 "../../../libDaisy//src/per/spi.h"
   1:../../../libDaisy//src/per/spi.h **** #pragma once
   2:../../../libDaisy//src/per/spi.h **** #ifndef DSY_SPI_H
   3:../../../libDaisy//src/per/spi.h **** #define DSY_SPI_H
   4:../../../libDaisy//src/per/spi.h **** 
   5:../../../libDaisy//src/per/spi.h **** #include "daisy_core.h"
   6:../../../libDaisy//src/per/spi.h **** 
   7:../../../libDaisy//src/per/spi.h **** /* TODO:
ARM GAS  /var/folders/wz/z09yph4n0qj4t7mjxhl6ttn80000gn/T//ccydysJS.s 			page 8


   8:../../../libDaisy//src/per/spi.h **** - Add documentation
   9:../../../libDaisy//src/per/spi.h **** - Add IT
  10:../../../libDaisy//src/per/spi.h **** */
  11:../../../libDaisy//src/per/spi.h **** 
  12:../../../libDaisy//src/per/spi.h **** namespace daisy
  13:../../../libDaisy//src/per/spi.h **** {
  14:../../../libDaisy//src/per/spi.h **** /** @addtogroup serial
  15:../../../libDaisy//src/per/spi.h **** @{
  16:../../../libDaisy//src/per/spi.h **** */
  17:../../../libDaisy//src/per/spi.h **** 
  18:../../../libDaisy//src/per/spi.h **** /**  Handler for serial peripheral interface */
  19:../../../libDaisy//src/per/spi.h **** class SpiHandle
  20:../../../libDaisy//src/per/spi.h **** {
  21:../../../libDaisy//src/per/spi.h ****   public:
  22:../../../libDaisy//src/per/spi.h ****     struct Config
  23:../../../libDaisy//src/per/spi.h ****     {
  24:../../../libDaisy//src/per/spi.h ****         enum class Peripheral
  25:../../../libDaisy//src/per/spi.h ****         {
  26:../../../libDaisy//src/per/spi.h ****             SPI_1,
  27:../../../libDaisy//src/per/spi.h ****             SPI_2,
  28:../../../libDaisy//src/per/spi.h ****             SPI_3,
  29:../../../libDaisy//src/per/spi.h ****             SPI_4,
  30:../../../libDaisy//src/per/spi.h ****             SPI_5,
  31:../../../libDaisy//src/per/spi.h ****             SPI_6,
  32:../../../libDaisy//src/per/spi.h ****         };
  33:../../../libDaisy//src/per/spi.h **** 
  34:../../../libDaisy//src/per/spi.h ****         enum class Mode
  35:../../../libDaisy//src/per/spi.h ****         {
  36:../../../libDaisy//src/per/spi.h ****             MASTER,
  37:../../../libDaisy//src/per/spi.h ****             SLAVE,
  38:../../../libDaisy//src/per/spi.h ****         };
  39:../../../libDaisy//src/per/spi.h **** 
  40:../../../libDaisy//src/per/spi.h ****         enum class Direction
  41:../../../libDaisy//src/per/spi.h ****         {
  42:../../../libDaisy//src/per/spi.h ****             TWO_LINES,
  43:../../../libDaisy//src/per/spi.h ****             TWO_LINES_TX_ONLY,
  44:../../../libDaisy//src/per/spi.h ****             TWO_LINES_RX_ONLY,
  45:../../../libDaisy//src/per/spi.h ****             ONE_LINE,
  46:../../../libDaisy//src/per/spi.h ****         };
  47:../../../libDaisy//src/per/spi.h **** 
  48:../../../libDaisy//src/per/spi.h ****         enum class ClockPolarity
  49:../../../libDaisy//src/per/spi.h ****         {
  50:../../../libDaisy//src/per/spi.h ****             LOW,
  51:../../../libDaisy//src/per/spi.h ****             HIGH,
  52:../../../libDaisy//src/per/spi.h ****         };
  53:../../../libDaisy//src/per/spi.h **** 
  54:../../../libDaisy//src/per/spi.h ****         enum class ClockPhase
  55:../../../libDaisy//src/per/spi.h ****         {
  56:../../../libDaisy//src/per/spi.h ****             ONE_EDGE,
  57:../../../libDaisy//src/per/spi.h ****             TWO_EDGE,
  58:../../../libDaisy//src/per/spi.h ****         };
  59:../../../libDaisy//src/per/spi.h **** 
  60:../../../libDaisy//src/per/spi.h ****         enum class NSS
  61:../../../libDaisy//src/per/spi.h ****         {
  62:../../../libDaisy//src/per/spi.h ****             SOFT,
  63:../../../libDaisy//src/per/spi.h ****             HARD_INPUT,
  64:../../../libDaisy//src/per/spi.h ****             HARD_OUTPUT,
ARM GAS  /var/folders/wz/z09yph4n0qj4t7mjxhl6ttn80000gn/T//ccydysJS.s 			page 9


  65:../../../libDaisy//src/per/spi.h ****         };
  66:../../../libDaisy//src/per/spi.h **** 
  67:../../../libDaisy//src/per/spi.h ****         enum class BaudPrescaler
  68:../../../libDaisy//src/per/spi.h ****         {
  69:../../../libDaisy//src/per/spi.h ****             PS_2,
  70:../../../libDaisy//src/per/spi.h ****             PS_4,
  71:../../../libDaisy//src/per/spi.h ****             PS_8,
  72:../../../libDaisy//src/per/spi.h ****             PS_16,
  73:../../../libDaisy//src/per/spi.h ****             PS_32,
  74:../../../libDaisy//src/per/spi.h ****             PS_64,
  75:../../../libDaisy//src/per/spi.h ****             PS_128,
  76:../../../libDaisy//src/per/spi.h ****             PS_256,
  77:../../../libDaisy//src/per/spi.h ****         };
  78:../../../libDaisy//src/per/spi.h **** 
  79:../../../libDaisy//src/per/spi.h ****         struct
  80:../../../libDaisy//src/per/spi.h ****         {
  81:../../../libDaisy//src/per/spi.h ****             dsy_gpio_pin sclk; /**< & */
  82:../../../libDaisy//src/per/spi.h ****             dsy_gpio_pin miso; /**< & */
  83:../../../libDaisy//src/per/spi.h ****             dsy_gpio_pin mosi; /**< & */
  84:../../../libDaisy//src/per/spi.h ****             dsy_gpio_pin nss;  /**< & */
  85:../../../libDaisy//src/per/spi.h ****         } pin_config;
  86:../../../libDaisy//src/per/spi.h **** 
  87:../../../libDaisy//src/per/spi.h ****         Config()
  88:../../../libDaisy//src/per/spi.h ****         {
  89:../../../libDaisy//src/per/spi.h ****             // user must specify periph, mode, direction, nss, and pin_config
  90:../../../libDaisy//src/per/spi.h ****             datasize       = 8;
  91:../../../libDaisy//src/per/spi.h ****             clock_polarity = ClockPolarity::LOW;
  92:../../../libDaisy//src/per/spi.h ****             clock_phase    = ClockPhase::ONE_EDGE;
  93:../../../libDaisy//src/per/spi.h ****             baud_prescaler = BaudPrescaler::PS_8;
  94:../../../libDaisy//src/per/spi.h ****         }
  95:../../../libDaisy//src/per/spi.h **** 
  96:../../../libDaisy//src/per/spi.h ****         Peripheral    periph;
  97:../../../libDaisy//src/per/spi.h ****         Mode          mode;
  98:../../../libDaisy//src/per/spi.h ****         Direction     direction;
  99:../../../libDaisy//src/per/spi.h ****         unsigned long datasize;
 100:../../../libDaisy//src/per/spi.h ****         ClockPolarity clock_polarity;
 101:../../../libDaisy//src/per/spi.h ****         ClockPhase    clock_phase;
 102:../../../libDaisy//src/per/spi.h ****         NSS           nss;
 103:../../../libDaisy//src/per/spi.h ****         BaudPrescaler baud_prescaler;
 104:../../../libDaisy//src/per/spi.h ****     };
 105:../../../libDaisy//src/per/spi.h **** 
 106:../../../libDaisy//src/per/spi.h ****     SpiHandle() : pimpl_(nullptr) {}
  54              		.loc 3 106 5 view .LVU4
  55              	.LBE31:
  56              	.LBE30:
  57              	.LBE29:
  58              		.loc 2 330 7 is_stmt 0 view .LVU5
  59 000a 1421     		movs	r1, #20
  60              	.LBB37:
  61              	.LBB35:
  52:Drivers/daisy_ILI9341.hpp **** {
  62              		.loc 2 52 7 view .LVU6
  63 000c 1A73     		strb	r2, [r3, #12]
  64              	.LBE35:
  65              	.LBE37:
  66              		.loc 2 330 7 view .LVU7
  67 000e 83F85910 		strb	r1, [r3, #89]
ARM GAS  /var/folders/wz/z09yph4n0qj4t7mjxhl6ttn80000gn/T//ccydysJS.s 			page 10


  68 0012 0D21     		movs	r1, #13
  69              	.LBB38:
  70              	.LBB36:
  52:Drivers/daisy_ILI9341.hpp **** {
  71              		.loc 2 52 7 view .LVU8
  72 0014 1A61     		str	r2, [r3, #16]
  73              	.LBB34:
  74              	.LBB32:
  75              	.LBB33:
  76              		.loc 3 106 33 view .LVU9
  77 0016 9A61     		str	r2, [r3, #24]
  78              	.LVL2:
  79              		.loc 3 106 33 view .LVU10
  80              	.LBE33:
  81              	.LBE32:
  82              	.LBE34:
  83              	.LBE36:
  84              	.LBE38:
  85              		.loc 2 330 7 view .LVU11
  86 0018 83F85A10 		strb	r1, [r3, #90]
  87 001c A3F86020 		strh	r2, [r3, #96]	@ movhi
  88 0020 A3F86620 		strh	r2, [r3, #102]	@ movhi
  89              	.LVL3:
  90              		.loc 2 330 7 view .LVU12
  91              	.LBE28:
  92              	.LBE27:
  93              	.LBE26:
  94              	.LBE25:
  95              		.loc 1 9 10 view .LVU13
  96 0024 7047     		bx	lr
  97              	.L3:
  98 0026 00BF     		.align	2
  99              	.L2:
 100 0028 00000000 		.word	.LANCHOR0
 101              		.cfi_endproc
 102              	.LFE2635:
 104              		.section	.init_array,"aw",%init_array
 105              		.align	2
 106 0000 00000000 		.word	_GLOBAL__sub_I__ZN19ILI9341SpiTransport12frame_bufferE(target1)
 107              		.global	_ZN19ILI9341SpiTransport9color_memE
 108              		.global	_ZN19ILI9341SpiTransport12frame_bufferE
 109              		.section	.bss._ZL3lcd,"aw",%nobits
 110              		.align	2
 111              		.set	.LANCHOR0,. + 0
 114              	_ZL3lcd:
 115 0000 00000000 		.space	104
 115      00000000 
 115      00000000 
 115      00000000 
 115      00000000 
 116              		.section	.sdram_bss,"aw"
 119              	_ZN19ILI9341SpiTransport9color_memE:
 120 0000 00000000 		.space	76800
 120      00000000 
 120      00000000 
 120      00000000 
 120      00000000 
ARM GAS  /var/folders/wz/z09yph4n0qj4t7mjxhl6ttn80000gn/T//ccydysJS.s 			page 11


 121              		.section	.sram1_bss,"aw"
 124              	_ZN19ILI9341SpiTransport12frame_bufferE:
 125 0000 00000000 		.space	153600
 125      00000000 
 125      00000000 
 125      00000000 
 125      00000000 
 126              		.text
 127              	.Letext0:
 128              		.file 4 "/Library/DaisyToolchain/0.2.0/arm/arm-none-eabi/include/machine/_default_types.h"
 129              		.file 5 "/Library/DaisyToolchain/0.2.0/arm/arm-none-eabi/include/sys/_stdint.h"
 130              		.file 6 "/Library/DaisyToolchain/0.2.0/arm/arm-none-eabi/include/stdint.h"
 131              		.file 7 "/Library/DaisyToolchain/0.2.0/arm/lib/gcc/arm-none-eabi/10.3.1/include/stddef.h"
 132              		.file 8 "/Library/DaisyToolchain/0.2.0/arm/arm-none-eabi/include/c++/10.3.1/cmath"
 133              		.file 9 "/Library/DaisyToolchain/0.2.0/arm/arm-none-eabi/include/c++/10.3.1/bits/std_abs.h"
 134              		.file 10 "/Library/DaisyToolchain/0.2.0/arm/arm-none-eabi/include/c++/10.3.1/cstring"
 135              		.file 11 "/Library/DaisyToolchain/0.2.0/arm/arm-none-eabi/include/c++/10.3.1/cstdlib"
 136              		.file 12 "/Library/DaisyToolchain/0.2.0/arm/arm-none-eabi/include/c++/10.3.1/cstdint"
 137              		.file 13 "/Library/DaisyToolchain/0.2.0/arm/arm-none-eabi/include/c++/10.3.1/type_traits"
 138              		.file 14 "/Library/DaisyToolchain/0.2.0/arm/arm-none-eabi/include/c++/10.3.1/debug/debug.h"
 139              		.file 15 "/Library/DaisyToolchain/0.2.0/arm/arm-none-eabi/include/c++/10.3.1/arm-none-eabi/thumb/v
 140              		.file 16 "/Library/DaisyToolchain/0.2.0/arm/arm-none-eabi/include/c++/10.3.1/bits/algorithmfwd.h"
 141              		.file 17 "/Library/DaisyToolchain/0.2.0/arm/arm-none-eabi/include/c++/10.3.1/bits/stl_pair.h"
 142              		.file 18 "/Library/DaisyToolchain/0.2.0/arm/arm-none-eabi/include/c++/10.3.1/bits/exception_ptr.h"
 143              		.file 19 "/Library/DaisyToolchain/0.2.0/arm/arm-none-eabi/include/c++/10.3.1/cstdarg"
 144              		.file 20 "/Library/DaisyToolchain/0.2.0/arm/arm-none-eabi/include/c++/10.3.1/cstdio"
 145              		.file 21 "/Library/DaisyToolchain/0.2.0/arm/arm-none-eabi/include/c++/10.3.1/bits/predefined_ops.h
 146              		.file 22 "/Library/DaisyToolchain/0.2.0/arm/arm-none-eabi/include/sys/_types.h"
 147              		.file 23 "/Library/DaisyToolchain/0.2.0/arm/arm-none-eabi/include/sys/reent.h"
 148              		.file 24 "/Library/DaisyToolchain/0.2.0/arm/arm-none-eabi/include/sys/lock.h"
 149              		.file 25 "/Library/DaisyToolchain/0.2.0/arm/arm-none-eabi/include/math.h"
 150              		.file 26 "/Library/DaisyToolchain/0.2.0/arm/arm-none-eabi/include/stdlib.h"
 151              		.file 27 "/Library/DaisyToolchain/0.2.0/arm/arm-none-eabi/include/c++/10.3.1/math.h"
 152              		.file 28 "/Library/DaisyToolchain/0.2.0/arm/arm-none-eabi/include/string.h"
 153              		.file 29 "/Library/DaisyToolchain/0.2.0/arm/arm-none-eabi/include/c++/10.3.1/stdlib.h"
 154              		.file 30 "../../../libDaisy//src/daisy_core.h"
 155              		.file 31 "../../../libDaisy//src/hid/disp/graphics_common.h"
 156              		.file 32 "../../../libDaisy//src/util/wav_format.h"
 157              		.file 33 "../../../libDaisy//src/dev/max11300.h"
 158              		.file 34 "../../../libDaisy//src/daisy_seed.h"
 159              		.file 35 "../../../libDaisy//src/per/gpio.h"
 160              		.file 36 "/Library/DaisyToolchain/0.2.0/arm/lib/gcc/arm-none-eabi/10.3.1/include/stdarg.h"
 161              		.file 37 "/Library/DaisyToolchain/0.2.0/arm/arm-none-eabi/include/stdio.h"
 162              		.file 38 "../../../libDaisy//src/util/oled_fonts.h"
 163              		.file 39 "<built-in>"
 164              		.file 40 "../../../libDaisy//src/dev/sr_595.h"
ARM GAS  /var/folders/wz/z09yph4n0qj4t7mjxhl6ttn80000gn/T//ccydysJS.s 			page 12


DEFINED SYMBOLS
                            *ABS*:0000000000000000 ILI9341_ui_driver.cpp
/var/folders/wz/z09yph4n0qj4t7mjxhl6ttn80000gn/T//ccydysJS.s:19     .text.startup._GLOBAL__sub_I__ZN19ILI9341SpiTransport12frame_bufferE:0000000000000000 $t
/var/folders/wz/z09yph4n0qj4t7mjxhl6ttn80000gn/T//ccydysJS.s:24     .text.startup._GLOBAL__sub_I__ZN19ILI9341SpiTransport12frame_bufferE:0000000000000000 _GLOBAL__sub_I__ZN19ILI9341SpiTransport12frame_bufferE
/var/folders/wz/z09yph4n0qj4t7mjxhl6ttn80000gn/T//ccydysJS.s:100    .text.startup._GLOBAL__sub_I__ZN19ILI9341SpiTransport12frame_bufferE:0000000000000028 $d
/var/folders/wz/z09yph4n0qj4t7mjxhl6ttn80000gn/T//ccydysJS.s:105    .init_array:0000000000000000 $d
/var/folders/wz/z09yph4n0qj4t7mjxhl6ttn80000gn/T//ccydysJS.s:119    .sdram_bss:0000000000000000 _ZN19ILI9341SpiTransport9color_memE
/var/folders/wz/z09yph4n0qj4t7mjxhl6ttn80000gn/T//ccydysJS.s:124    .sram1_bss:0000000000000000 _ZN19ILI9341SpiTransport12frame_bufferE
/var/folders/wz/z09yph4n0qj4t7mjxhl6ttn80000gn/T//ccydysJS.s:110    .bss._ZL3lcd:0000000000000000 $d
/var/folders/wz/z09yph4n0qj4t7mjxhl6ttn80000gn/T//ccydysJS.s:114    .bss._ZL3lcd:0000000000000000 _ZL3lcd
/var/folders/wz/z09yph4n0qj4t7mjxhl6ttn80000gn/T//ccydysJS.s:120    .sdram_bss:0000000000000000 $d
/var/folders/wz/z09yph4n0qj4t7mjxhl6ttn80000gn/T//ccydysJS.s:125    .sram1_bss:0000000000000000 $d

NO UNDEFINED SYMBOLS
