ARM GAS  /var/folders/wz/z09yph4n0qj4t7mjxhl6ttn80000gn/T//cc7JYq4b.s 			page 1


   1              		.cpu cortex-m7
   2              		.arch armv7e-m
   3              		.fpu fpv5-d16
   4              		.eabi_attribute 28, 1
   5              		.eabi_attribute 20, 1
   6              		.eabi_attribute 21, 1
   7              		.eabi_attribute 23, 3
   8              		.eabi_attribute 24, 1
   9              		.eabi_attribute 25, 1
  10              		.eabi_attribute 26, 1
  11              		.eabi_attribute 30, 2
  12              		.eabi_attribute 34, 1
  13              		.eabi_attribute 18, 4
  14              		.file	"LoopyTunes.cpp"
  15              		.text
  16              	.Ltext0:
  17              		.cfi_sections	.debug_frame
  18              		.section	.text._ZN5daisy9DaisySeedD2Ev,"axG",%progbits,_ZN5daisy9DaisySeedD5Ev,comdat
  19              		.align	1
  20              		.p2align 2,,3
  21              		.weak	_ZN5daisy9DaisySeedD2Ev
  22              		.syntax unified
  23              		.thumb
  24              		.thumb_func
  26              	_ZN5daisy9DaisySeedD2Ev:
  27              	.LVL0:
  28              	.LFB2529:
  29              		.file 1 "../../../libDaisy//src/daisy_seed.h"
   1:../../../libDaisy//src/daisy_seed.h **** #pragma once
   2:../../../libDaisy//src/daisy_seed.h **** #ifndef DSY_SEED_H
   3:../../../libDaisy//src/daisy_seed.h **** #define DSY_SEED_H
   4:../../../libDaisy//src/daisy_seed.h **** 
   5:../../../libDaisy//src/daisy_seed.h **** #include "daisy.h"
   6:../../../libDaisy//src/daisy_seed.h **** 
   7:../../../libDaisy//src/daisy_seed.h **** //Uncomment this out if you're still using the rev2 hardware
   8:../../../libDaisy//src/daisy_seed.h **** //#define SEED_REV2
   9:../../../libDaisy//src/daisy_seed.h **** 
  10:../../../libDaisy//src/daisy_seed.h **** namespace daisy
  11:../../../libDaisy//src/daisy_seed.h **** {
  12:../../../libDaisy//src/daisy_seed.h **** /**
  13:../../../libDaisy//src/daisy_seed.h ****    @brief This is the higher-level interface for the Daisy board. \n 
  14:../../../libDaisy//src/daisy_seed.h ****     All basic peripheral configuration/initialization is setup here. \n
  15:../../../libDaisy//src/daisy_seed.h **** 
  16:../../../libDaisy//src/daisy_seed.h ****    @ingroup boards
  17:../../../libDaisy//src/daisy_seed.h **** */
  18:../../../libDaisy//src/daisy_seed.h **** class DaisySeed
  19:../../../libDaisy//src/daisy_seed.h **** {
  20:../../../libDaisy//src/daisy_seed.h ****   public:
  21:../../../libDaisy//src/daisy_seed.h ****     DaisySeed() {}
  22:../../../libDaisy//src/daisy_seed.h ****     ~DaisySeed() {}
  30              		.loc 1 22 5 view -0
  31              		.cfi_startproc
  32              		@ args = 0, pretend = 0, frame = 0
  33              		@ frame_needed = 0, uses_anonymous_args = 0
  34              		@ link register save eliminated.
  35              	.LBB64:
  36              	.LBI64:
ARM GAS  /var/folders/wz/z09yph4n0qj4t7mjxhl6ttn80000gn/T//cc7JYq4b.s 			page 2


  37              		.file 2 "../../../libDaisy//src/sys/system.h"
   1:../../../libDaisy//src/sys/system.h **** #ifndef DSY_SYSTEM_H
   2:../../../libDaisy//src/sys/system.h **** #define DSY_SYSTEM_H
   3:../../../libDaisy//src/sys/system.h **** 
   4:../../../libDaisy//src/sys/system.h **** #ifndef UNIT_TEST // for unit tests, a dummy implementation is provided below
   5:../../../libDaisy//src/sys/system.h **** 
   6:../../../libDaisy//src/sys/system.h **** #include <cstdint>
   7:../../../libDaisy//src/sys/system.h **** #include "per/tim.h"
   8:../../../libDaisy//src/sys/system.h **** 
   9:../../../libDaisy//src/sys/system.h **** namespace daisy
  10:../../../libDaisy//src/sys/system.h **** {
  11:../../../libDaisy//src/sys/system.h **** /** A handle for interacting with the Core System. 
  12:../../../libDaisy//src/sys/system.h ****  ** This includes the Clock tree, MPU, global DMA initialization,
  13:../../../libDaisy//src/sys/system.h ****  ** cache handling, and any other necessary global initiailzation
  14:../../../libDaisy//src/sys/system.h ****  **
  15:../../../libDaisy//src/sys/system.h ****  ** @author shensley
  16:../../../libDaisy//src/sys/system.h ****  ** @ingroup system
  17:../../../libDaisy//src/sys/system.h ****  */
  18:../../../libDaisy//src/sys/system.h **** class System
  19:../../../libDaisy//src/sys/system.h **** {
  20:../../../libDaisy//src/sys/system.h ****   public:
  21:../../../libDaisy//src/sys/system.h ****     /** Contains settings for initializing the System */
  22:../../../libDaisy//src/sys/system.h ****     struct Config
  23:../../../libDaisy//src/sys/system.h ****     {
  24:../../../libDaisy//src/sys/system.h ****         /** Specifies the system clock frequency that feeds APB/AHB clocks, etc. */
  25:../../../libDaisy//src/sys/system.h ****         enum class SysClkFreq
  26:../../../libDaisy//src/sys/system.h ****         {
  27:../../../libDaisy//src/sys/system.h ****             FREQ_400MHZ,
  28:../../../libDaisy//src/sys/system.h ****             FREQ_480MHZ,
  29:../../../libDaisy//src/sys/system.h ****         };
  30:../../../libDaisy//src/sys/system.h **** 
  31:../../../libDaisy//src/sys/system.h ****         /** Method to call on the struct to set to defaults
  32:../../../libDaisy//src/sys/system.h ****          ** CPU Freq set to 400MHz
  33:../../../libDaisy//src/sys/system.h ****          ** Cache Enabled 
  34:../../../libDaisy//src/sys/system.h ****          ** */
  35:../../../libDaisy//src/sys/system.h ****         void Defaults()
  36:../../../libDaisy//src/sys/system.h ****         {
  37:../../../libDaisy//src/sys/system.h ****             cpu_freq    = SysClkFreq::FREQ_400MHZ;
  38:../../../libDaisy//src/sys/system.h ****             use_dcache  = true;
  39:../../../libDaisy//src/sys/system.h ****             use_icache  = true;
  40:../../../libDaisy//src/sys/system.h ****             skip_clocks = false;
  41:../../../libDaisy//src/sys/system.h ****         }
  42:../../../libDaisy//src/sys/system.h **** 
  43:../../../libDaisy//src/sys/system.h ****         /** Method to call on the struct to set to boost mode:
  44:../../../libDaisy//src/sys/system.h ****          ** CPU Freq set to 480MHz
  45:../../../libDaisy//src/sys/system.h ****          ** Cache Enabled 
  46:../../../libDaisy//src/sys/system.h ****          ** */
  47:../../../libDaisy//src/sys/system.h ****         void Boost()
  48:../../../libDaisy//src/sys/system.h ****         {
  49:../../../libDaisy//src/sys/system.h ****             cpu_freq    = SysClkFreq::FREQ_480MHZ;
  50:../../../libDaisy//src/sys/system.h ****             use_dcache  = true;
  51:../../../libDaisy//src/sys/system.h ****             use_icache  = true;
  52:../../../libDaisy//src/sys/system.h ****             skip_clocks = false;
  53:../../../libDaisy//src/sys/system.h ****         }
  54:../../../libDaisy//src/sys/system.h **** 
  55:../../../libDaisy//src/sys/system.h ****         SysClkFreq cpu_freq;
  56:../../../libDaisy//src/sys/system.h ****         bool       use_dcache;
ARM GAS  /var/folders/wz/z09yph4n0qj4t7mjxhl6ttn80000gn/T//cc7JYq4b.s 			page 3


  57:../../../libDaisy//src/sys/system.h ****         bool       use_icache;
  58:../../../libDaisy//src/sys/system.h ****         bool       skip_clocks;
  59:../../../libDaisy//src/sys/system.h ****     };
  60:../../../libDaisy//src/sys/system.h **** 
  61:../../../libDaisy//src/sys/system.h ****     /** Describes the different regions of memory available to the Daisy
  62:../../../libDaisy//src/sys/system.h ****      * 
  63:../../../libDaisy//src/sys/system.h ****      */
  64:../../../libDaisy//src/sys/system.h ****     enum MemoryRegion
  65:../../../libDaisy//src/sys/system.h ****     {
  66:../../../libDaisy//src/sys/system.h ****         INTERNAL_FLASH = 0,
  67:../../../libDaisy//src/sys/system.h ****         ITCMRAM,
  68:../../../libDaisy//src/sys/system.h ****         DTCMRAM,
  69:../../../libDaisy//src/sys/system.h ****         SRAM_D1,
  70:../../../libDaisy//src/sys/system.h ****         SRAM_D2,
  71:../../../libDaisy//src/sys/system.h ****         SRAM_D3,
  72:../../../libDaisy//src/sys/system.h ****         SDRAM,
  73:../../../libDaisy//src/sys/system.h ****         QSPI,
  74:../../../libDaisy//src/sys/system.h ****         INVALID_ADDRESS,
  75:../../../libDaisy//src/sys/system.h ****     };
  76:../../../libDaisy//src/sys/system.h **** 
  77:../../../libDaisy//src/sys/system.h ****     System() {}
  78:../../../libDaisy//src/sys/system.h ****     ~System() {}
  38              		.loc 2 78 5 view .LVU1
  39              		.loc 2 78 5 is_stmt 0 view .LVU2
  40              	.LBE64:
  41              	.LBB65:
  42              	.LBI65:
  43              		.file 3 "../../../libDaisy//src/hid/usb.h"
   1:../../../libDaisy//src/hid/usb.h **** #pragma once
   2:../../../libDaisy//src/hid/usb.h **** #ifndef DSY_HID_USB_H
   3:../../../libDaisy//src/hid/usb.h **** #define DSY_HID_USB_H
   4:../../../libDaisy//src/hid/usb.h **** #include <stdint.h>
   5:../../../libDaisy//src/hid/usb.h **** #include <stdlib.h>
   6:../../../libDaisy//src/hid/usb.h **** 
   7:../../../libDaisy//src/hid/usb.h **** namespace daisy
   8:../../../libDaisy//src/hid/usb.h **** /** @addtogroup human_interface
   9:../../../libDaisy//src/hid/usb.h ****     @{
  10:../../../libDaisy//src/hid/usb.h **** */
  11:../../../libDaisy//src/hid/usb.h **** 
  12:../../../libDaisy//src/hid/usb.h **** {
  13:../../../libDaisy//src/hid/usb.h **** /** 
  14:../../../libDaisy//src/hid/usb.h ****     @brief Interface for initializing and using the USB Peripherals on the daisy
  15:../../../libDaisy//src/hid/usb.h ****     @author Stephen Hensley
  16:../../../libDaisy//src/hid/usb.h ****     @date December 2019
  17:../../../libDaisy//src/hid/usb.h **** */
  18:../../../libDaisy//src/hid/usb.h **** class UsbHandle
  19:../../../libDaisy//src/hid/usb.h **** {
  20:../../../libDaisy//src/hid/usb.h ****   public:
  21:../../../libDaisy//src/hid/usb.h ****     /** Return values for USBHandle Functions */
  22:../../../libDaisy//src/hid/usb.h ****     enum class Result
  23:../../../libDaisy//src/hid/usb.h ****     {
  24:../../../libDaisy//src/hid/usb.h ****         OK,
  25:../../../libDaisy//src/hid/usb.h ****         ERR,
  26:../../../libDaisy//src/hid/usb.h ****     };
  27:../../../libDaisy//src/hid/usb.h **** 
  28:../../../libDaisy//src/hid/usb.h ****     /** Specified which of the two USB Peripherals to initialize. */
  29:../../../libDaisy//src/hid/usb.h ****     enum UsbPeriph
ARM GAS  /var/folders/wz/z09yph4n0qj4t7mjxhl6ttn80000gn/T//cc7JYq4b.s 			page 4


  30:../../../libDaisy//src/hid/usb.h ****     {
  31:../../../libDaisy//src/hid/usb.h ****         FS_INTERNAL, /**< Internal pin */
  32:../../../libDaisy//src/hid/usb.h ****         FS_EXTERNAL, /**< FS External D+ pin is Pin 38 (GPIO32). FS External D- pin is Pin 37 (GPIO
  33:../../../libDaisy//src/hid/usb.h ****         FS_BOTH,     /**< Both */
  34:../../../libDaisy//src/hid/usb.h ****     };
  35:../../../libDaisy//src/hid/usb.h **** 
  36:../../../libDaisy//src/hid/usb.h **** 
  37:../../../libDaisy//src/hid/usb.h ****     /** Function called upon reception of a buffer */
  38:../../../libDaisy//src/hid/usb.h ****     typedef void (*ReceiveCallback)(uint8_t* buff, uint32_t* len);
  39:../../../libDaisy//src/hid/usb.h **** 
  40:../../../libDaisy//src/hid/usb.h ****     UsbHandle() {}
  41:../../../libDaisy//src/hid/usb.h **** 
  42:../../../libDaisy//src/hid/usb.h ****     ~UsbHandle() {}
  44              		.loc 3 42 5 is_stmt 1 view .LVU3
  45              		.loc 3 42 5 is_stmt 0 view .LVU4
  46              	.LBE65:
  47              	.LBB66:
  48              	.LBI66:
  49              		.file 4 "../../../libDaisy//src/per/adc.h"
   1:../../../libDaisy//src/per/adc.h **** #pragma once
   2:../../../libDaisy//src/per/adc.h **** #ifndef DSY_ADC_H
   3:../../../libDaisy//src/per/adc.h **** #define DSY_ADC_H /**< Macro */
   4:../../../libDaisy//src/per/adc.h **** #include <stdint.h>
   5:../../../libDaisy//src/per/adc.h **** #include <stdlib.h>
   6:../../../libDaisy//src/per/adc.h **** #include "daisy_core.h"
   7:../../../libDaisy//src/per/adc.h **** #include "per/gpio.h"
   8:../../../libDaisy//src/per/adc.h **** 
   9:../../../libDaisy//src/per/adc.h **** #define DSY_ADC_MAX_CHANNELS 16 /**< Maximum number of ADC channels */
  10:../../../libDaisy//src/per/adc.h **** 
  11:../../../libDaisy//src/per/adc.h **** namespace daisy
  12:../../../libDaisy//src/per/adc.h **** {
  13:../../../libDaisy//src/per/adc.h **** /** @addtogroup per_analog
  14:../../../libDaisy//src/per/adc.h ****     @{
  15:../../../libDaisy//src/per/adc.h **** */
  16:../../../libDaisy//src/per/adc.h **** 
  17:../../../libDaisy//src/per/adc.h **** /* While there may not be many configuration options here,
  18:../../../libDaisy//src/per/adc.h **** using a struct like this allows us to add more configuration
  19:../../../libDaisy//src/per/adc.h **** later without breaking existing functionality.
  20:../../../libDaisy//src/per/adc.h **** */
  21:../../../libDaisy//src/per/adc.h **** 
  22:../../../libDaisy//src/per/adc.h **** /** @brief   Configuration Structure for an ADC Channel 
  23:../../../libDaisy//src/per/adc.h ****  *  @details This can be used to configure a a single input, 
  24:../../../libDaisy//src/per/adc.h ****  *           or a multiplexed input, allowing up to 8 inputs on 
  25:../../../libDaisy//src/per/adc.h ****  *           one channel.
  26:../../../libDaisy//src/per/adc.h ****  *  @note    Sharing data lines to multiple muxes _is_ possible, but
  27:../../../libDaisy//src/per/adc.h ****  *           each channel sharing data lines must be set to the maximum
  28:../../../libDaisy//src/per/adc.h ****  *           number of channels, even if some multiplexers have fewer
  29:../../../libDaisy//src/per/adc.h ****  *           inputs connected.
  30:../../../libDaisy//src/per/adc.h **** */
  31:../../../libDaisy//src/per/adc.h **** struct AdcChannelConfig
  32:../../../libDaisy//src/per/adc.h **** {
  33:../../../libDaisy//src/per/adc.h ****     /** Which pin to use for multiplexing */
  34:../../../libDaisy//src/per/adc.h ****     enum MuxPin
  35:../../../libDaisy//src/per/adc.h ****     {
  36:../../../libDaisy//src/per/adc.h ****         MUX_SEL_0,    /**< & */
  37:../../../libDaisy//src/per/adc.h ****         MUX_SEL_1,    /**< & */
  38:../../../libDaisy//src/per/adc.h ****         MUX_SEL_2,    /**< & */
ARM GAS  /var/folders/wz/z09yph4n0qj4t7mjxhl6ttn80000gn/T//cc7JYq4b.s 			page 5


  39:../../../libDaisy//src/per/adc.h ****         MUX_SEL_LAST, /**< & */
  40:../../../libDaisy//src/per/adc.h ****     };
  41:../../../libDaisy//src/per/adc.h **** 
  42:../../../libDaisy//src/per/adc.h ****     /** Initializes a single ADC pin as an ADC. 
  43:../../../libDaisy//src/per/adc.h ****     \param pin Pin to init.
  44:../../../libDaisy//src/per/adc.h ****      */
  45:../../../libDaisy//src/per/adc.h ****     void InitSingle(dsy_gpio_pin pin);
  46:../../../libDaisy//src/per/adc.h **** 
  47:../../../libDaisy//src/per/adc.h ****     /** 
  48:../../../libDaisy//src/per/adc.h ****     Initializes a single ADC pin as a Multiplexed ADC.
  49:../../../libDaisy//src/per/adc.h ****     Requires a CD405X Multiplexer connected to the pin.
  50:../../../libDaisy//src/per/adc.h ****     You only need to supply the mux pins that are required,
  51:../../../libDaisy//src/per/adc.h ****     e.g. a 4052 mux would only require mux_0 and mux_1.
  52:../../../libDaisy//src/per/adc.h ****     Internal Callbacks handle the pin addressing.
  53:../../../libDaisy//src/per/adc.h ****     \param mux_channels must be 1-8
  54:../../../libDaisy//src/per/adc.h ****     \param mux_0 First mux pin
  55:../../../libDaisy//src/per/adc.h ****     \param mux_1 Second mux pin
  56:../../../libDaisy//src/per/adc.h ****     \param mux_2 Third mux pin
  57:../../../libDaisy//src/per/adc.h ****     \param adc_pin &
  58:../../../libDaisy//src/per/adc.h ****     */
  59:../../../libDaisy//src/per/adc.h ****     void InitMux(dsy_gpio_pin adc_pin,
  60:../../../libDaisy//src/per/adc.h ****                  size_t       mux_channels,
  61:../../../libDaisy//src/per/adc.h ****                  dsy_gpio_pin mux_0,
  62:../../../libDaisy//src/per/adc.h ****                  dsy_gpio_pin mux_1 = {DSY_GPIOX, 0},
  63:../../../libDaisy//src/per/adc.h ****                  dsy_gpio_pin mux_2 = {DSY_GPIOX, 0});
  64:../../../libDaisy//src/per/adc.h **** 
  65:../../../libDaisy//src/per/adc.h ****     dsy_gpio pin_;                   /**< & */
  66:../../../libDaisy//src/per/adc.h ****     dsy_gpio mux_pin_[MUX_SEL_LAST]; /**< & */
  67:../../../libDaisy//src/per/adc.h ****     uint8_t  mux_channels_;          /**< & */
  68:../../../libDaisy//src/per/adc.h **** };
  69:../../../libDaisy//src/per/adc.h **** 
  70:../../../libDaisy//src/per/adc.h **** /**
  71:../../../libDaisy//src/per/adc.h ****    @brief Handler for analog to digital conversion
  72:../../../libDaisy//src/per/adc.h **** */
  73:../../../libDaisy//src/per/adc.h **** class AdcHandle
  74:../../../libDaisy//src/per/adc.h **** {
  75:../../../libDaisy//src/per/adc.h ****   public:
  76:../../../libDaisy//src/per/adc.h ****     /** Supported oversampling amounts */
  77:../../../libDaisy//src/per/adc.h ****     enum OverSampling
  78:../../../libDaisy//src/per/adc.h ****     {
  79:../../../libDaisy//src/per/adc.h ****         OVS_NONE, /**< & */
  80:../../../libDaisy//src/per/adc.h ****         OVS_4,    /**< & */
  81:../../../libDaisy//src/per/adc.h ****         OVS_8,    /**< & */
  82:../../../libDaisy//src/per/adc.h ****         OVS_16,   /**< & */
  83:../../../libDaisy//src/per/adc.h ****         OVS_32,   /**< & */
  84:../../../libDaisy//src/per/adc.h ****         OVS_64,   /**< & */
  85:../../../libDaisy//src/per/adc.h ****         OVS_128,  /**< & */
  86:../../../libDaisy//src/per/adc.h ****         OVS_256,  /**< & */
  87:../../../libDaisy//src/per/adc.h ****         OVS_512,  /**< & */
  88:../../../libDaisy//src/per/adc.h ****         OVS_1024, /**< & */
  89:../../../libDaisy//src/per/adc.h ****         OVS_LAST, /**< & */
  90:../../../libDaisy//src/per/adc.h ****     };
  91:../../../libDaisy//src/per/adc.h **** 
  92:../../../libDaisy//src/per/adc.h ****     AdcHandle() {}
  93:../../../libDaisy//src/per/adc.h ****     ~AdcHandle() {}
  50              		.loc 4 93 5 is_stmt 1 view .LVU5
  51              		.loc 4 93 5 is_stmt 0 view .LVU6
ARM GAS  /var/folders/wz/z09yph4n0qj4t7mjxhl6ttn80000gn/T//cc7JYq4b.s 			page 6


  52              	.LBE66:
  53              	.LBB67:
  54              	.LBI67:
  55              		.file 5 "../../../libDaisy//src/hid/audio.h"
   1:../../../libDaisy//src/hid/audio.h **** #ifndef DSY_AUDIO_H
   2:../../../libDaisy//src/hid/audio.h **** #define DSY_AUDIO_H /**< & */
   3:../../../libDaisy//src/hid/audio.h **** 
   4:../../../libDaisy//src/hid/audio.h **** #include "per/sai.h"
   5:../../../libDaisy//src/hid/audio.h **** 
   6:../../../libDaisy//src/hid/audio.h **** namespace daisy
   7:../../../libDaisy//src/hid/audio.h **** {
   8:../../../libDaisy//src/hid/audio.h **** /** @brief Audio Engine Handle
   9:../../../libDaisy//src/hid/audio.h ****  *  @ingroup audio 
  10:../../../libDaisy//src/hid/audio.h ****  *  @details This class allows for higher level access to an audio engine.
  11:../../../libDaisy//src/hid/audio.h ****  *           If you're using a SOM like the DaisySeed or DaisyPatchSM (or any 
  12:../../../libDaisy//src/hid/audio.h ****  *            board that includes one of those objects) then the intialization
  13:../../../libDaisy//src/hid/audio.h ****  *            is already taken  care of.
  14:../../../libDaisy//src/hid/audio.h ****  *           If you're setting up your own custom hardware, or need to make changes
  15:../../../libDaisy//src/hid/audio.h ****  *           you will have to take the following steps:
  16:../../../libDaisy//src/hid/audio.h ****  *             1. Create and Initialize an SaiHandle or two depending on your requirements
  17:../../../libDaisy//src/hid/audio.h ****  *             2. Initialize the Audio Handle with the desired settings and the Initialized SaiHand
  18:../../../libDaisy//src/hid/audio.h ****  *             3. If the connected codec requires special configuration or initialization, do so
  19:../../../libDaisy//src/hid/audio.h ****  *             4. Write a callback method using either the AudioCallback or the InterleavingAudioCa
  20:../../../libDaisy//src/hid/audio.h ****  *             5. Start the Audio using one of the StartAudio function
  21:../../../libDaisy//src/hid/audio.h ****  */
  22:../../../libDaisy//src/hid/audio.h **** class AudioHandle
  23:../../../libDaisy//src/hid/audio.h **** {
  24:../../../libDaisy//src/hid/audio.h ****   public:
  25:../../../libDaisy//src/hid/audio.h ****     /** Manually configurable details about the Audio Engine */
  26:../../../libDaisy//src/hid/audio.h ****     /** TODO: Figure out how to get samplerate in here. */
  27:../../../libDaisy//src/hid/audio.h ****     struct Config
  28:../../../libDaisy//src/hid/audio.h ****     {
  29:../../../libDaisy//src/hid/audio.h ****         /** number of samples to process per callback */
  30:../../../libDaisy//src/hid/audio.h ****         size_t blocksize;
  31:../../../libDaisy//src/hid/audio.h **** 
  32:../../../libDaisy//src/hid/audio.h ****         /**< Sample rate of audio */
  33:../../../libDaisy//src/hid/audio.h ****         SaiHandle::Config::SampleRate samplerate;
  34:../../../libDaisy//src/hid/audio.h **** 
  35:../../../libDaisy//src/hid/audio.h ****         /** factor for adjustment before and after callback for hardware that may have extra headro
  36:../../../libDaisy//src/hid/audio.h ****         float postgain;
  37:../../../libDaisy//src/hid/audio.h **** 
  38:../../../libDaisy//src/hid/audio.h ****         /** factor for additional one-sided compensation to audio path for hardware that may
  39:../../../libDaisy//src/hid/audio.h ****          *  have unequal input/output ranges
  40:../../../libDaisy//src/hid/audio.h ****          */
  41:../../../libDaisy//src/hid/audio.h ****         float output_compensation;
  42:../../../libDaisy//src/hid/audio.h **** 
  43:../../../libDaisy//src/hid/audio.h ****         /** Sets default values for config struct */
  44:../../../libDaisy//src/hid/audio.h ****         Config()
  45:../../../libDaisy//src/hid/audio.h ****         : blocksize(48),
  46:../../../libDaisy//src/hid/audio.h ****           samplerate(SaiHandle::Config::SampleRate::SAI_48KHZ),
  47:../../../libDaisy//src/hid/audio.h ****           postgain(1.f),
  48:../../../libDaisy//src/hid/audio.h ****           output_compensation(1.f)
  49:../../../libDaisy//src/hid/audio.h ****         {
  50:../../../libDaisy//src/hid/audio.h ****         }
  51:../../../libDaisy//src/hid/audio.h ****     };
  52:../../../libDaisy//src/hid/audio.h **** 
  53:../../../libDaisy//src/hid/audio.h ****     enum class Result
ARM GAS  /var/folders/wz/z09yph4n0qj4t7mjxhl6ttn80000gn/T//cc7JYq4b.s 			page 7


  54:../../../libDaisy//src/hid/audio.h ****     {
  55:../../../libDaisy//src/hid/audio.h ****         OK,
  56:../../../libDaisy//src/hid/audio.h ****         ERR,
  57:../../../libDaisy//src/hid/audio.h ****     };
  58:../../../libDaisy//src/hid/audio.h **** 
  59:../../../libDaisy//src/hid/audio.h ****     /** Non-Interleaving input buffer
  60:../../../libDaisy//src/hid/audio.h ****      * Buffer arranged by float[chn][sample] 
  61:../../../libDaisy//src/hid/audio.h ****      * const so that the user can't modify the input
  62:../../../libDaisy//src/hid/audio.h ****      */
  63:../../../libDaisy//src/hid/audio.h ****     typedef const float* const* InputBuffer;
  64:../../../libDaisy//src/hid/audio.h **** 
  65:../../../libDaisy//src/hid/audio.h ****     /** Non-Interleaving output buffer
  66:../../../libDaisy//src/hid/audio.h ****      * Arranged by float[chn][sample] 
  67:../../../libDaisy//src/hid/audio.h ****      */
  68:../../../libDaisy//src/hid/audio.h ****     typedef float** OutputBuffer;
  69:../../../libDaisy//src/hid/audio.h **** 
  70:../../../libDaisy//src/hid/audio.h ****     /** Type for a Non-Interleaving audio callback 
  71:../../../libDaisy//src/hid/audio.h ****      * Non-Interleaving audio callbacks in daisy will be of this type
  72:../../../libDaisy//src/hid/audio.h ****      */
  73:../../../libDaisy//src/hid/audio.h ****     typedef void (*AudioCallback)(InputBuffer  in,
  74:../../../libDaisy//src/hid/audio.h ****                                   OutputBuffer out,
  75:../../../libDaisy//src/hid/audio.h ****                                   size_t       size);
  76:../../../libDaisy//src/hid/audio.h **** 
  77:../../../libDaisy//src/hid/audio.h ****     /** Interleaving Input buffer
  78:../../../libDaisy//src/hid/audio.h ****      ** audio is prepared as { L0, R0, L1, R1, . . . LN, RN }]
  79:../../../libDaisy//src/hid/audio.h ****      ** this is const, as the user shouldn't modify it
  80:../../../libDaisy//src/hid/audio.h ****     */
  81:../../../libDaisy//src/hid/audio.h ****     typedef const float* InterleavingInputBuffer;
  82:../../../libDaisy//src/hid/audio.h **** 
  83:../../../libDaisy//src/hid/audio.h ****     /** Interleaving Output buffer 
  84:../../../libDaisy//src/hid/audio.h ****      ** audio is prepared as { L0, R0, L1, R1, . . . LN, RN }
  85:../../../libDaisy//src/hid/audio.h ****     */
  86:../../../libDaisy//src/hid/audio.h ****     typedef float* InterleavingOutputBuffer;
  87:../../../libDaisy//src/hid/audio.h **** 
  88:../../../libDaisy//src/hid/audio.h ****     /** Interleaving Audio Callback 
  89:../../../libDaisy//src/hid/audio.h ****      * Interleaving audio callbacks in daisy must be of this type
  90:../../../libDaisy//src/hid/audio.h ****      */
  91:../../../libDaisy//src/hid/audio.h ****     typedef void (*InterleavingAudioCallback)(InterleavingInputBuffer  in,
  92:../../../libDaisy//src/hid/audio.h ****                                               InterleavingOutputBuffer out,
  93:../../../libDaisy//src/hid/audio.h ****                                               size_t                   size);
  94:../../../libDaisy//src/hid/audio.h **** 
  95:../../../libDaisy//src/hid/audio.h ****     AudioHandle() : pimpl_(nullptr) {}
  96:../../../libDaisy//src/hid/audio.h ****     ~AudioHandle() {}
  56              		.loc 5 96 5 is_stmt 1 view .LVU7
  57              		.loc 5 96 5 is_stmt 0 view .LVU8
  58              	.LBE67:
  59              		.loc 1 22 19 view .LVU9
  60 0000 7047     		bx	lr
  61              		.cfi_endproc
  62              	.LFE2529:
  64              		.weak	_ZN5daisy9DaisySeedD1Ev
  65              		.thumb_set _ZN5daisy9DaisySeedD1Ev,_ZN5daisy9DaisySeedD2Ev
  66 0002 00BF     		.section	.text._Z13AudioCallbackPKPKfPPfj,"ax",%progbits
  67              		.align	1
  68              		.p2align 2,,3
  69              		.global	_Z13AudioCallbackPKPKfPPfj
  70              		.syntax unified
ARM GAS  /var/folders/wz/z09yph4n0qj4t7mjxhl6ttn80000gn/T//cc7JYq4b.s 			page 8


  71              		.thumb
  72              		.thumb_func
  74              	_Z13AudioCallbackPKPKfPPfj:
  75              	.LVL1:
  76              	.LFB4794:
  77              		.file 6 "LoopyTunes.cpp"
   1:LoopyTunes.cpp **** #include "daisy_seed.h"
   2:LoopyTunes.cpp **** #include "daisysp.h"
   3:LoopyTunes.cpp **** #include "DSP/Mixer.h"
   4:LoopyTunes.cpp **** #include "Architecture/ConnectionMatrix.h"
   5:LoopyTunes.cpp **** 
   6:LoopyTunes.cpp **** using namespace daisy;
   7:LoopyTunes.cpp **** using namespace daisysp;
   8:LoopyTunes.cpp **** 
   9:LoopyTunes.cpp **** // Hardware
  10:LoopyTunes.cpp **** DaisySeed hw;
  11:LoopyTunes.cpp **** 
  12:LoopyTunes.cpp **** // System - Flash
  13:LoopyTunes.cpp **** ConnectionMatrix connectionMatrix;
  14:LoopyTunes.cpp **** 
  15:LoopyTunes.cpp **** // DSP - SDRAM
  16:LoopyTunes.cpp **** Mixer DSY_SDRAM_BSS mixer;
  17:LoopyTunes.cpp **** 
  18:LoopyTunes.cpp **** // Buffers
  19:LoopyTunes.cpp **** float DSY_SDRAM_BSS mix[2][SAMPLERATE * DURATION];
  20:LoopyTunes.cpp **** 
  21:LoopyTunes.cpp **** float DSY_SDRAM_BSS track1[2][SAMPLERATE * DURATION];
  22:LoopyTunes.cpp **** float DSY_SDRAM_BSS track2[2][SAMPLERATE * DURATION];
  23:LoopyTunes.cpp **** float DSY_SDRAM_BSS track3[2][SAMPLERATE * DURATION];
  24:LoopyTunes.cpp **** float DSY_SDRAM_BSS track4[2][SAMPLERATE * DURATION];
  25:LoopyTunes.cpp **** 
  26:LoopyTunes.cpp **** // UI - QSPI
  27:LoopyTunes.cpp **** 
  28:LoopyTunes.cpp **** // functions
  29:LoopyTunes.cpp **** void initialise()
  30:LoopyTunes.cpp **** {
  31:LoopyTunes.cpp **** 	//mixer.init(*mix, *track1, *track2, *track3, *track4, SAMPLERATE * DURATION);
  32:LoopyTunes.cpp **** 
  33:LoopyTunes.cpp **** }
  34:LoopyTunes.cpp **** 
  35:LoopyTunes.cpp **** void AudioCallback(AudioHandle::InputBuffer in, AudioHandle::OutputBuffer out, size_t size)
  36:LoopyTunes.cpp **** {
  78              		.loc 6 36 1 is_stmt 1 view -0
  79              		.cfi_startproc
  80              		@ args = 0, pretend = 0, frame = 0
  81              		@ frame_needed = 0, uses_anonymous_args = 0
  82              		@ link register save eliminated.
  37:LoopyTunes.cpp **** 	/*
  38:LoopyTunes.cpp **** 	for (size_t i = 0; i < size; i++)
  39:LoopyTunes.cpp **** 	{
  40:LoopyTunes.cpp **** 		out[0][i] = in[0][i];
  41:LoopyTunes.cpp **** 		out[1][i] = in[1][i];
  42:LoopyTunes.cpp **** 	}
  43:LoopyTunes.cpp **** 	*/
  44:LoopyTunes.cpp **** 
  45:LoopyTunes.cpp **** 	mixer.processBlock(size);
  83              		.loc 6 45 2 view .LVU11
ARM GAS  /var/folders/wz/z09yph4n0qj4t7mjxhl6ttn80000gn/T//cc7JYq4b.s 			page 9


  84              		.loc 6 45 20 is_stmt 0 view .LVU12
  85 0000 0148     		ldr	r0, .L4
  86              	.LVL2:
  87              		.loc 6 45 20 view .LVU13
  88 0002 1146     		mov	r1, r2
  89              	.LVL3:
  90              		.loc 6 45 20 view .LVU14
  91 0004 FFF7FEBF 		b	_ZN5Mixer12processBlockEj
  92              	.LVL4:
  93              	.L5:
  94              		.loc 6 45 20 view .LVU15
  95              		.align	2
  96              	.L4:
  97 0008 00000000 		.word	.LANCHOR0
  98              		.cfi_endproc
  99              	.LFE4794:
 101              		.section	.text._Z10initialisev,"ax",%progbits
 102              		.align	1
 103              		.p2align 2,,3
 104              		.global	_Z10initialisev
 105              		.syntax unified
 106              		.thumb
 107              		.thumb_func
 109              	_Z10initialisev:
 110              	.LFB4793:
  30:LoopyTunes.cpp **** 	//mixer.init(*mix, *track1, *track2, *track3, *track4, SAMPLERATE * DURATION);
 111              		.loc 6 30 1 is_stmt 1 view -0
 112              		.cfi_startproc
 113              		@ args = 0, pretend = 0, frame = 0
 114              		@ frame_needed = 0, uses_anonymous_args = 0
 115              		@ link register save eliminated.
  33:LoopyTunes.cpp **** 
 116              		.loc 6 33 1 is_stmt 0 view .LVU17
 117 0000 7047     		bx	lr
 118              		.cfi_endproc
 119              	.LFE4793:
 121 0002 00BF     		.section	.text.startup.main,"ax",%progbits
 122              		.align	1
 123              		.p2align 2,,3
 124              		.global	main
 125              		.syntax unified
 126              		.thumb
 127              		.thumb_func
 129              	main:
 130              	.LFB4795:
  46:LoopyTunes.cpp **** 	
  47:LoopyTunes.cpp **** }
  48:LoopyTunes.cpp **** 
  49:LoopyTunes.cpp **** int main(void)
  50:LoopyTunes.cpp **** {
 131              		.loc 6 50 1 is_stmt 1 view -0
 132              		.cfi_startproc
 133              		@ Volatile: function does not return.
 134              		@ args = 0, pretend = 0, frame = 0
 135              		@ frame_needed = 0, uses_anonymous_args = 0
  51:LoopyTunes.cpp **** 	hw.Init();
 136              		.loc 6 51 2 view .LVU19
ARM GAS  /var/folders/wz/z09yph4n0qj4t7mjxhl6ttn80000gn/T//cc7JYq4b.s 			page 10


  50:LoopyTunes.cpp **** 	hw.Init();
 137              		.loc 6 50 1 is_stmt 0 view .LVU20
 138 0000 08B5     		push	{r3, lr}
 139              		.cfi_def_cfa_offset 8
 140              		.cfi_offset 3, -8
 141              		.cfi_offset 14, -4
 142              		.loc 6 51 9 view .LVU21
 143 0002 0021     		movs	r1, #0
 144 0004 0748     		ldr	r0, .L10
 145 0006 FFF7FEFF 		bl	_ZN5daisy9DaisySeed4InitEb
 146              	.LVL5:
  52:LoopyTunes.cpp **** 	hw.SetAudioBlockSize(BLOCKLENGTH); // number of samples handled per callback
 147              		.loc 6 52 2 is_stmt 1 view .LVU22
 148              		.loc 6 52 22 is_stmt 0 view .LVU23
 149 000a 0421     		movs	r1, #4
 150 000c 0548     		ldr	r0, .L10
 151 000e FFF7FEFF 		bl	_ZN5daisy9DaisySeed17SetAudioBlockSizeEj
 152              	.LVL6:
  53:LoopyTunes.cpp **** 	hw.SetAudioSampleRate(SaiHandle::Config::SampleRate::SAI_48KHZ);
 153              		.loc 6 53 2 is_stmt 1 view .LVU24
 154              		.loc 6 53 23 is_stmt 0 view .LVU25
 155 0012 0321     		movs	r1, #3
 156 0014 0348     		ldr	r0, .L10
 157 0016 FFF7FEFF 		bl	_ZN5daisy9DaisySeed18SetAudioSampleRateENS_9SaiHandle6Config10SampleRateE
 158              	.LVL7:
  54:LoopyTunes.cpp **** 
  55:LoopyTunes.cpp **** 	initialise();
 159              		.loc 6 55 2 is_stmt 1 view .LVU26
  56:LoopyTunes.cpp **** 
  57:LoopyTunes.cpp **** 	hw.StartAudio(AudioCallback);
 160              		.loc 6 57 2 view .LVU27
 161              		.loc 6 57 15 is_stmt 0 view .LVU28
 162 001a 0349     		ldr	r1, .L10+4
 163 001c 0148     		ldr	r0, .L10
 164 001e FFF7FEFF 		bl	_ZN5daisy9DaisySeed10StartAudioEPFvPKPKfPPfjE
 165              	.LVL8:
 166              	.L8:
  58:LoopyTunes.cpp **** 	while(1) {}
 167              		.loc 6 58 2 is_stmt 1 discriminator 1 view .LVU29
 168              		.loc 6 58 2 discriminator 1 view .LVU30
 169              		.loc 6 58 2 discriminator 1 view .LVU31
 170              		.loc 6 58 2 discriminator 1 view .LVU32
 171 0022 FEE7     		b	.L8
 172              	.L11:
 173              		.align	2
 174              	.L10:
 175 0024 00000000 		.word	.LANCHOR1
 176 0028 00000000 		.word	_Z13AudioCallbackPKPKfPPfj
 177              		.cfi_endproc
 178              	.LFE4795:
 180              		.section	.text.startup._GLOBAL__sub_I_hw,"ax",%progbits
 181              		.align	1
 182              		.p2align 2,,3
 183              		.syntax unified
 184              		.thumb
 185              		.thumb_func
 187              	_GLOBAL__sub_I_hw:
ARM GAS  /var/folders/wz/z09yph4n0qj4t7mjxhl6ttn80000gn/T//cc7JYq4b.s 			page 11


 188              	.LFB5355:
  59:LoopyTunes.cpp **** }
 189              		.loc 6 59 1 view -0
 190              		.cfi_startproc
 191              		@ args = 0, pretend = 0, frame = 0
 192              		@ frame_needed = 0, uses_anonymous_args = 0
 193              		@ link register save eliminated.
 194              	.LBB86:
 195              	.LBI86:
 196              		.loc 6 59 1 view .LVU34
 197              	.LVL9:
 198              	.LBB87:
 199              	.LBB88:
 200              	.LBI88:
  21:../../../libDaisy//src/daisy_seed.h ****     ~DaisySeed() {}
 201              		.loc 1 21 5 view .LVU35
 202              	.LBB89:
 203              	.LBB90:
 204              	.LBI90:
 205              		.file 7 "../../../libDaisy//src/per/qspi.h"
   1:../../../libDaisy//src/per/qspi.h **** #ifndef DSY_QSPI
   2:../../../libDaisy//src/per/qspi.h **** #define DSY_QSPI /**< Macro */
   3:../../../libDaisy//src/per/qspi.h **** 
   4:../../../libDaisy//src/per/qspi.h **** #ifndef UNIT_TEST // for unit tests, a dummy implementation
   5:../../../libDaisy//src/per/qspi.h **** 
   6:../../../libDaisy//src/per/qspi.h **** #include <cstdint>
   7:../../../libDaisy//src/per/qspi.h **** #include "daisy_core.h" // Added for dsy_gpio_pin typedef
   8:../../../libDaisy//src/per/qspi.h **** 
   9:../../../libDaisy//src/per/qspi.h **** #define DSY_QSPI_TEXT       \
  10:../../../libDaisy//src/per/qspi.h ****     __attribute__((section( \
  11:../../../libDaisy//src/per/qspi.h ****         ".qspiflash_text"))) /**< used for reading memory in memory_mapped mode. */
  12:../../../libDaisy//src/per/qspi.h **** #define DSY_QSPI_DATA       \
  13:../../../libDaisy//src/per/qspi.h ****     __attribute__((section( \
  14:../../../libDaisy//src/per/qspi.h ****         ".qspiflash_data"))) /**< used for reading memory in memory_mapped mode. */
  15:../../../libDaisy//src/per/qspi.h **** #define DSY_QSPI_BSS        \
  16:../../../libDaisy//src/per/qspi.h ****     __attribute__((section( \
  17:../../../libDaisy//src/per/qspi.h ****         ".qspiflash_bss"))) /**< used for reading memory in memory_mapped mode. */
  18:../../../libDaisy//src/per/qspi.h **** 
  19:../../../libDaisy//src/per/qspi.h **** namespace daisy
  20:../../../libDaisy//src/per/qspi.h **** {
  21:../../../libDaisy//src/per/qspi.h **** /** @addtogroup serial
  22:../../../libDaisy//src/per/qspi.h **** @{
  23:../../../libDaisy//src/per/qspi.h **** */
  24:../../../libDaisy//src/per/qspi.h **** 
  25:../../../libDaisy//src/per/qspi.h **** /** 
  26:../../../libDaisy//src/per/qspi.h ****  Driver for QSPI peripheral to interface with external flash memory. \n 
  27:../../../libDaisy//src/per/qspi.h ****     Currently supported QSPI Devices: \n 
  28:../../../libDaisy//src/per/qspi.h ****     * IS25LP080D
  29:../../../libDaisy//src/per/qspi.h **** */
  30:../../../libDaisy//src/per/qspi.h **** class QSPIHandle
  31:../../../libDaisy//src/per/qspi.h **** {
  32:../../../libDaisy//src/per/qspi.h ****   public:
  33:../../../libDaisy//src/per/qspi.h ****     enum Result
  34:../../../libDaisy//src/per/qspi.h ****     {
  35:../../../libDaisy//src/per/qspi.h ****         OK = 0,
  36:../../../libDaisy//src/per/qspi.h ****         ERR
  37:../../../libDaisy//src/per/qspi.h ****     };
ARM GAS  /var/folders/wz/z09yph4n0qj4t7mjxhl6ttn80000gn/T//cc7JYq4b.s 			page 12


  38:../../../libDaisy//src/per/qspi.h **** 
  39:../../../libDaisy//src/per/qspi.h ****     /** Indicates the current status of the module. 
  40:../../../libDaisy//src/per/qspi.h ****          *  Warnings are indicated by a leading W.
  41:../../../libDaisy//src/per/qspi.h ****          *  Errors are indicated by a leading E and cause an immediate exit.
  42:../../../libDaisy//src/per/qspi.h ****          * 
  43:../../../libDaisy//src/per/qspi.h ****          *  \param GOOD - No errors have been reported.
  44:../../../libDaisy//src/per/qspi.h ****          *  \param E_HAL_ERROR - HAL code did not return HAL_OK.
  45:../../../libDaisy//src/per/qspi.h ****          *  \param E_SWITCHING_MODES - An error was encountered while switching QSPI peripheral mod
  46:../../../libDaisy//src/per/qspi.h ****          *  \param E_INVALID_MODE - QSPI should not be written to while the program is executing fr
  47:../../../libDaisy//src/per/qspi.h ****          */
  48:../../../libDaisy//src/per/qspi.h ****     enum Status
  49:../../../libDaisy//src/per/qspi.h ****     {
  50:../../../libDaisy//src/per/qspi.h ****         GOOD = 0,
  51:../../../libDaisy//src/per/qspi.h ****         E_HAL_ERROR,
  52:../../../libDaisy//src/per/qspi.h ****         E_SWITCHING_MODES,
  53:../../../libDaisy//src/per/qspi.h ****         E_INVALID_MODE,
  54:../../../libDaisy//src/per/qspi.h ****     };
  55:../../../libDaisy//src/per/qspi.h **** 
  56:../../../libDaisy//src/per/qspi.h ****     /** Configuration structure for interfacing with QSPI Driver */
  57:../../../libDaisy//src/per/qspi.h ****     struct Config
  58:../../../libDaisy//src/per/qspi.h ****     {
  59:../../../libDaisy//src/per/qspi.h ****         /** Flash Devices supported. (Both of these are more-or-less the same, just different sizes
  60:../../../libDaisy//src/per/qspi.h ****         enum Device
  61:../../../libDaisy//src/per/qspi.h ****         {
  62:../../../libDaisy//src/per/qspi.h ****             IS25LP080D,  /**< & */
  63:../../../libDaisy//src/per/qspi.h ****             IS25LP064A,  /**< & */
  64:../../../libDaisy//src/per/qspi.h ****             DEVICE_LAST, /**< & */
  65:../../../libDaisy//src/per/qspi.h ****         };
  66:../../../libDaisy//src/per/qspi.h **** 
  67:../../../libDaisy//src/per/qspi.h ****         /** 
  68:../../../libDaisy//src/per/qspi.h ****         Modes of operation.
  69:../../../libDaisy//src/per/qspi.h ****         Memory Mapped mode: QSPI configured so that the QSPI can be
  70:../../../libDaisy//src/per/qspi.h ****         read from starting address 0x90000000. Writing is not
  71:../../../libDaisy//src/per/qspi.h ****         possible in this mode. \n 
  72:../../../libDaisy//src/per/qspi.h ****         Indirect Polling mode: Device driver enabled. 
  73:../../../libDaisy//src/per/qspi.h ****         */
  74:../../../libDaisy//src/per/qspi.h ****         enum Mode
  75:../../../libDaisy//src/per/qspi.h ****         {
  76:../../../libDaisy//src/per/qspi.h ****             MEMORY_MAPPED,    /**< & */
  77:../../../libDaisy//src/per/qspi.h ****             INDIRECT_POLLING, /**< & */
  78:../../../libDaisy//src/per/qspi.h ****             MODE_LAST,
  79:../../../libDaisy//src/per/qspi.h ****         };
  80:../../../libDaisy//src/per/qspi.h **** 
  81:../../../libDaisy//src/per/qspi.h ****         //SCK,  CE# (active low)
  82:../../../libDaisy//src/per/qspi.h ****         struct
  83:../../../libDaisy//src/per/qspi.h ****         {
  84:../../../libDaisy//src/per/qspi.h ****             dsy_gpio_pin io0; /**< & */
  85:../../../libDaisy//src/per/qspi.h ****             dsy_gpio_pin io1; /**< & */
  86:../../../libDaisy//src/per/qspi.h ****             dsy_gpio_pin io2; /**< & */
  87:../../../libDaisy//src/per/qspi.h ****             dsy_gpio_pin io3; /**< & */
  88:../../../libDaisy//src/per/qspi.h ****             dsy_gpio_pin clk; /**< & */
  89:../../../libDaisy//src/per/qspi.h ****             dsy_gpio_pin ncs; /**< & */
  90:../../../libDaisy//src/per/qspi.h ****         } pin_config;
  91:../../../libDaisy//src/per/qspi.h **** 
  92:../../../libDaisy//src/per/qspi.h ****         Device device;
  93:../../../libDaisy//src/per/qspi.h ****         Mode   mode;
  94:../../../libDaisy//src/per/qspi.h ****     };
ARM GAS  /var/folders/wz/z09yph4n0qj4t7mjxhl6ttn80000gn/T//cc7JYq4b.s 			page 13


  95:../../../libDaisy//src/per/qspi.h **** 
  96:../../../libDaisy//src/per/qspi.h ****     /** 
  97:../../../libDaisy//src/per/qspi.h ****         Initializes QSPI peripheral, and Resets, and prepares memory for access.
  98:../../../libDaisy//src/per/qspi.h ****         \param config should be populated with the mode, device and pin_config before calling this 
  99:../../../libDaisy//src/per/qspi.h ****         \return Result::OK or Result::ERR
 100:../../../libDaisy//src/per/qspi.h ****         */
 101:../../../libDaisy//src/per/qspi.h ****     Result Init(const Config& config);
 102:../../../libDaisy//src/per/qspi.h **** 
 103:../../../libDaisy//src/per/qspi.h ****     /** Returns the current config. */
 104:../../../libDaisy//src/per/qspi.h ****     const Config& GetConfig() const;
 105:../../../libDaisy//src/per/qspi.h **** 
 106:../../../libDaisy//src/per/qspi.h ****     // Couldn't this just be called before anything else in init? That
 107:../../../libDaisy//src/per/qspi.h ****     // would make manually calling it unnecessary.
 108:../../../libDaisy//src/per/qspi.h ****     /** 
 109:../../../libDaisy//src/per/qspi.h ****         Deinitializes the peripheral
 110:../../../libDaisy//src/per/qspi.h ****         This should be called before reinitializing QSPI in a different mode.
 111:../../../libDaisy//src/per/qspi.h ****         \return Result::OK or Result::ERR
 112:../../../libDaisy//src/per/qspi.h ****         */
 113:../../../libDaisy//src/per/qspi.h ****     Result DeInit();
 114:../../../libDaisy//src/per/qspi.h **** 
 115:../../../libDaisy//src/per/qspi.h ****     /** 
 116:../../../libDaisy//src/per/qspi.h ****         Writes a single page to to the specified address on the QSPI chip.
 117:../../../libDaisy//src/per/qspi.h ****         For IS25LP*, page size is 256 bytes.
 118:../../../libDaisy//src/per/qspi.h ****         \param address Address to write to
 119:../../../libDaisy//src/per/qspi.h ****         \param size Buffer size
 120:../../../libDaisy//src/per/qspi.h ****         \param buffer Buffer to write
 121:../../../libDaisy//src/per/qspi.h ****         \return Result::OK or Result::ERR
 122:../../../libDaisy//src/per/qspi.h ****         */
 123:../../../libDaisy//src/per/qspi.h ****     Result WritePage(uint32_t address, uint32_t size, uint8_t* buffer);
 124:../../../libDaisy//src/per/qspi.h **** 
 125:../../../libDaisy//src/per/qspi.h ****     /** 
 126:../../../libDaisy//src/per/qspi.h ****         Writes data in buffer to to the QSPI. Starting at address to address+size 
 127:../../../libDaisy//src/per/qspi.h ****         \param address Address to write to
 128:../../../libDaisy//src/per/qspi.h ****         \param size Buffer size
 129:../../../libDaisy//src/per/qspi.h ****         \param buffer Buffer to write
 130:../../../libDaisy//src/per/qspi.h ****         \return Result::OK or Result::ERR
 131:../../../libDaisy//src/per/qspi.h ****         */
 132:../../../libDaisy//src/per/qspi.h ****     Result Write(uint32_t address, uint32_t size, uint8_t* buffer);
 133:../../../libDaisy//src/per/qspi.h **** 
 134:../../../libDaisy//src/per/qspi.h ****     /** 
 135:../../../libDaisy//src/per/qspi.h ****         Erases the area specified on the chip.
 136:../../../libDaisy//src/per/qspi.h ****         Erasures will happen by 4K, 32K or 64K increments.
 137:../../../libDaisy//src/per/qspi.h ****         Smallest erase possible is 4kB at a time. (on IS25LP*)
 138:../../../libDaisy//src/per/qspi.h ****         \param start_addr Address to begin erasing from
 139:../../../libDaisy//src/per/qspi.h ****         \param end_addr  Address to stop erasing at
 140:../../../libDaisy//src/per/qspi.h ****         \return Result::OK or Result::ERR
 141:../../../libDaisy//src/per/qspi.h ****         */
 142:../../../libDaisy//src/per/qspi.h ****     Result Erase(uint32_t start_addr, uint32_t end_addr);
 143:../../../libDaisy//src/per/qspi.h **** 
 144:../../../libDaisy//src/per/qspi.h ****     /**  
 145:../../../libDaisy//src/per/qspi.h ****          Erases a single sector of the chip.  
 146:../../../libDaisy//src/per/qspi.h ****         TODO: Document the size of this function. 
 147:../../../libDaisy//src/per/qspi.h ****         \param address Address of sector to erase
 148:../../../libDaisy//src/per/qspi.h ****         \return Result::OK or Result::ERR
 149:../../../libDaisy//src/per/qspi.h ****         */
 150:../../../libDaisy//src/per/qspi.h ****     Result EraseSector(uint32_t address);
 151:../../../libDaisy//src/per/qspi.h **** 
ARM GAS  /var/folders/wz/z09yph4n0qj4t7mjxhl6ttn80000gn/T//cc7JYq4b.s 			page 14


 152:../../../libDaisy//src/per/qspi.h ****     /** Returns the current class status. Useful for debugging.
 153:../../../libDaisy//src/per/qspi.h ****      *  \returns Status
 154:../../../libDaisy//src/per/qspi.h ****      */
 155:../../../libDaisy//src/per/qspi.h ****     Status GetStatus();
 156:../../../libDaisy//src/per/qspi.h **** 
 157:../../../libDaisy//src/per/qspi.h ****     /** Returns a pointer to the actual memory used 
 158:../../../libDaisy//src/per/qspi.h ****      *  The memory at this address is read-only
 159:../../../libDaisy//src/per/qspi.h ****      *  to write to it use the Write function.
 160:../../../libDaisy//src/per/qspi.h ****      * 
 161:../../../libDaisy//src/per/qspi.h ****      *  \param offset returns the pointer starting this 
 162:../../../libDaisy//src/per/qspi.h ****      *                many bytes into the memory
 163:../../../libDaisy//src/per/qspi.h ****     */
 164:../../../libDaisy//src/per/qspi.h ****     void* GetData(uint32_t offset = 0);
 165:../../../libDaisy//src/per/qspi.h **** 
 166:../../../libDaisy//src/per/qspi.h ****     QSPIHandle() : pimpl_(nullptr) {}
 206              		.loc 7 166 5 view .LVU36
 207              	.LBB91:
 208              	.LBB92:
 209              		.loc 7 166 34 is_stmt 0 view .LVU37
 210 0000 0448     		ldr	r0, .L13
 211 0002 0023     		movs	r3, #0
 212              	.LBE92:
 213              	.LBE91:
 214              	.LBE90:
 215              	.LBE89:
 216              	.LBE88:
  10:LoopyTunes.cpp **** 
 217              		.loc 6 10 11 view .LVU38
 218 0004 044A     		ldr	r2, .L13+4
 219 0006 0549     		ldr	r1, .L13+8
 220              	.LBB106:
 221              	.LBB105:
 222              	.LBB95:
 223              	.LBB94:
 224              	.LBB93:
 225              		.loc 7 166 34 view .LVU39
 226 0008 0360     		str	r3, [r0]
 227              	.LVL10:
 228              		.loc 7 166 34 view .LVU40
 229              	.LBE93:
 230              	.LBE94:
 231              	.LBE95:
 232              	.LBB96:
 233              	.LBI96:
  95:../../../libDaisy//src/hid/audio.h ****     ~AudioHandle() {}
 234              		.loc 5 95 5 is_stmt 1 view .LVU41
 235              	.LBB97:
 236              	.LBB98:
  95:../../../libDaisy//src/hid/audio.h ****     ~AudioHandle() {}
 237              		.loc 5 95 35 is_stmt 0 view .LVU42
 238 000a 4361     		str	r3, [r0, #20]
 239              	.LVL11:
  95:../../../libDaisy//src/hid/audio.h ****     ~AudioHandle() {}
 240              		.loc 5 95 35 view .LVU43
 241              	.LBE98:
 242              	.LBE97:
 243              	.LBE96:
ARM GAS  /var/folders/wz/z09yph4n0qj4t7mjxhl6ttn80000gn/T//cc7JYq4b.s 			page 15


 244              	.LBB99:
 245              	.LBI99:
  92:../../../libDaisy//src/per/adc.h ****     ~AdcHandle() {}
 246              		.loc 4 92 5 is_stmt 1 view .LVU44
  92:../../../libDaisy//src/per/adc.h ****     ~AdcHandle() {}
 247              		.loc 4 92 5 is_stmt 0 view .LVU45
 248              	.LBE99:
 249              	.LBB100:
 250              	.LBI100:
 251              		.file 8 "../../../libDaisy//src/per/dac.h"
   1:../../../libDaisy//src/per/dac.h **** #pragma once
   2:../../../libDaisy//src/per/dac.h **** #ifndef DSY_DAC_H
   3:../../../libDaisy//src/per/dac.h **** #define DSY_DAC_H
   4:../../../libDaisy//src/per/dac.h **** 
   5:../../../libDaisy//src/per/dac.h **** #include "daisy_core.h"
   6:../../../libDaisy//src/per/dac.h **** 
   7:../../../libDaisy//src/per/dac.h **** namespace daisy
   8:../../../libDaisy//src/per/dac.h **** {
   9:../../../libDaisy//src/per/dac.h **** /** @brief DAC handle for Built-in DAC Peripheral 
  10:../../../libDaisy//src/per/dac.h ****  *  @ingroup per_analog
  11:../../../libDaisy//src/per/dac.h ****  ** 
  12:../../../libDaisy//src/per/dac.h ****  ** For now only Normal Mode is supported,
  13:../../../libDaisy//src/per/dac.h ****  ** Sample and hold mode provides reduced power consumption, but requires a bit more setup.
  14:../../../libDaisy//src/per/dac.h ****  **
  15:../../../libDaisy//src/per/dac.h ****  ** For now connecting the DAC through other internal peripherals is also not supported.
  16:../../../libDaisy//src/per/dac.h ****  **
  17:../../../libDaisy//src/per/dac.h ****  ** Since the DAC channels have dedicated pins we don't need to pass in a pin config like with
  18:../../../libDaisy//src/per/dac.h ****  ** other modules. However, it is still important to not try to use the DAC pins for anything else.
  19:../../../libDaisy//src/per/dac.h ****  ** DAC Channel 1 is on PA4, and DAC Channel 2 is on PA5
  20:../../../libDaisy//src/per/dac.h ****  ***/
  21:../../../libDaisy//src/per/dac.h **** class DacHandle
  22:../../../libDaisy//src/per/dac.h **** {
  23:../../../libDaisy//src/per/dac.h ****   public:
  24:../../../libDaisy//src/per/dac.h ****     /** Return Values for the DacHandle class */
  25:../../../libDaisy//src/per/dac.h ****     enum class Result
  26:../../../libDaisy//src/per/dac.h ****     {
  27:../../../libDaisy//src/per/dac.h ****         OK,
  28:../../../libDaisy//src/per/dac.h ****         ERR,
  29:../../../libDaisy//src/per/dac.h ****     };
  30:../../../libDaisy//src/per/dac.h **** 
  31:../../../libDaisy//src/per/dac.h ****     /** Selects which channel(s) will be configured for use. */
  32:../../../libDaisy//src/per/dac.h ****     enum class Channel
  33:../../../libDaisy//src/per/dac.h ****     {
  34:../../../libDaisy//src/per/dac.h ****         ONE,
  35:../../../libDaisy//src/per/dac.h ****         TWO,
  36:../../../libDaisy//src/per/dac.h ****         BOTH,
  37:../../../libDaisy//src/per/dac.h ****     };
  38:../../../libDaisy//src/per/dac.h **** 
  39:../../../libDaisy//src/per/dac.h ****     /** Sets the Mode for the DAC channels.
  40:../../../libDaisy//src/per/dac.h ****      **
  41:../../../libDaisy//src/per/dac.h ****      ** Polling mode uses the blocking mode to transmit a single value at a time.
  42:../../../libDaisy//src/per/dac.h ****      **
  43:../../../libDaisy//src/per/dac.h ****      ** DMA mode uses a buffer, and periodically transmits it triggering a 
  44:../../../libDaisy//src/per/dac.h ****      ** callback to fill the buffer when it is ready for more samples.
  45:../../../libDaisy//src/per/dac.h ****      ***/
  46:../../../libDaisy//src/per/dac.h ****     enum class Mode
  47:../../../libDaisy//src/per/dac.h ****     {
ARM GAS  /var/folders/wz/z09yph4n0qj4t7mjxhl6ttn80000gn/T//cc7JYq4b.s 			page 16


  48:../../../libDaisy//src/per/dac.h ****         POLLING,
  49:../../../libDaisy//src/per/dac.h ****         DMA,
  50:../../../libDaisy//src/per/dac.h ****     };
  51:../../../libDaisy//src/per/dac.h **** 
  52:../../../libDaisy//src/per/dac.h ****     /** Sets the number of bits per sample transmitted out of the DAC.
  53:../../../libDaisy//src/per/dac.h ****      ** The output range will be: 0V - VDDA
  54:../../../libDaisy//src/per/dac.h ****      ** The resolution will be roughly: bitdepth / (VDDA - 0V) 
  55:../../../libDaisy//src/per/dac.h ****      ***/
  56:../../../libDaisy//src/per/dac.h ****     enum class BitDepth
  57:../../../libDaisy//src/per/dac.h ****     {
  58:../../../libDaisy//src/per/dac.h ****         BITS_8,
  59:../../../libDaisy//src/per/dac.h ****         BITS_12
  60:../../../libDaisy//src/per/dac.h ****     };
  61:../../../libDaisy//src/per/dac.h **** 
  62:../../../libDaisy//src/per/dac.h ****     /** Sets whether the DAC output is buffered for higher drive ability. */
  63:../../../libDaisy//src/per/dac.h ****     enum class BufferState
  64:../../../libDaisy//src/per/dac.h ****     {
  65:../../../libDaisy//src/per/dac.h ****         ENABLED,
  66:../../../libDaisy//src/per/dac.h ****         DISABLED,
  67:../../../libDaisy//src/per/dac.h ****     };
  68:../../../libDaisy//src/per/dac.h **** 
  69:../../../libDaisy//src/per/dac.h ****     /** Configuration structure for initializing the DAC structure. */
  70:../../../libDaisy//src/per/dac.h ****     struct Config
  71:../../../libDaisy//src/per/dac.h ****     {
  72:../../../libDaisy//src/per/dac.h ****         /** Target Samplerate in Hz used to configure the internal 
  73:../../../libDaisy//src/per/dac.h ****          ** timebase for DMA mode. Does nothing in POLLING mode.
  74:../../../libDaisy//src/per/dac.h ****          ** If the value is 0 at Init time this will default to 48000Hz 
  75:../../../libDaisy//src/per/dac.h ****          ** otherwise the driver will attempt meet the target.*/
  76:../../../libDaisy//src/per/dac.h ****         uint32_t target_samplerate;
  77:../../../libDaisy//src/per/dac.h **** 
  78:../../../libDaisy//src/per/dac.h ****         Channel     chn;
  79:../../../libDaisy//src/per/dac.h ****         Mode        mode;
  80:../../../libDaisy//src/per/dac.h ****         BitDepth    bitdepth;
  81:../../../libDaisy//src/per/dac.h ****         BufferState buff_state;
  82:../../../libDaisy//src/per/dac.h ****     };
  83:../../../libDaisy//src/per/dac.h **** 
  84:../../../libDaisy//src/per/dac.h ****     DacHandle() : pimpl_(nullptr) {}
 252              		.loc 8 84 5 is_stmt 1 view .LVU46
 253              	.LBB101:
 254              	.LBB102:
 255              		.loc 8 84 33 is_stmt 0 view .LVU47
 256 000c 0362     		str	r3, [r0, #32]
 257              	.LVL12:
 258              		.loc 8 84 33 view .LVU48
 259              	.LBE102:
 260              	.LBE101:
 261              	.LBE100:
 262              	.LBB103:
 263              	.LBI103:
  40:../../../libDaisy//src/hid/usb.h **** 
 264              		.loc 3 40 5 is_stmt 1 view .LVU49
  40:../../../libDaisy//src/hid/usb.h **** 
 265              		.loc 3 40 5 is_stmt 0 view .LVU50
 266              	.LBE103:
 267              	.LBB104:
 268              	.LBI104:
  77:../../../libDaisy//src/sys/system.h ****     ~System() {}
ARM GAS  /var/folders/wz/z09yph4n0qj4t7mjxhl6ttn80000gn/T//cc7JYq4b.s 			page 17


 269              		.loc 2 77 5 is_stmt 1 view .LVU51
  77:../../../libDaisy//src/sys/system.h ****     ~System() {}
 270              		.loc 2 77 5 is_stmt 0 view .LVU52
 271              	.LBE104:
 272              	.LBE105:
 273              	.LBE106:
  10:LoopyTunes.cpp **** 
 274              		.loc 6 10 11 view .LVU53
 275 000e FFF7FEBF 		b	__aeabi_atexit
 276              	.LVL13:
 277              	.L14:
 278 0012 00BF     		.align	2
 279              	.L13:
 280 0014 00000000 		.word	.LANCHOR1
 281 0018 00000000 		.word	__dso_handle
 282 001c 00000000 		.word	_ZN5daisy9DaisySeedD1Ev
 283              	.LBE87:
 284              	.LBE86:
 285              		.cfi_endproc
 286              	.LFE5355:
 288              		.section	.init_array,"aw",%init_array
 289              		.align	2
 290 0000 00000000 		.word	_GLOBAL__sub_I_hw(target1)
 291              		.global	track4
 292              		.global	track3
 293              		.global	track2
 294              		.global	track1
 295              		.global	mix
 296              		.global	mixer
 297              		.global	connectionMatrix
 298              		.global	hw
 299              		.section	.bss.connectionMatrix,"aw",%nobits
 300              		.align	2
 303              	connectionMatrix:
 304 0000 00       		.space	1
 305              		.section	.bss.hw,"aw",%nobits
 306              		.align	2
 307              		.set	.LANCHOR1,. + 0
 310              	hw:
 311 0000 00000000 		.space	60
 311      00000000 
 311      00000000 
 311      00000000 
 311      00000000 
 312              		.section	.sdram_bss,"aw"
 313              		.align	2
 314              		.set	.LANCHOR0,. + 0
 317              	mixer:
 318 0000 00000000 		.space	124
 318      00000000 
 318      00000000 
 318      00000000 
 318      00000000 
 321              	track4:
 322 007c 00000000 		.space	3840000
 322      00000000 
 322      00000000 
ARM GAS  /var/folders/wz/z09yph4n0qj4t7mjxhl6ttn80000gn/T//cc7JYq4b.s 			page 18


 322      00000000 
 322      00000000 
 325              	track3:
 326 3a987c 00000000 		.space	3840000
 326      00000000 
 326      00000000 
 326      00000000 
 326      00000000 
 329              	track2:
 330 75307c 00000000 		.space	3840000
 330      00000000 
 330      00000000 
 330      00000000 
 330      00000000 
 333              	track1:
 334 afc87c 00000000 		.space	3840000
 334      00000000 
 334      00000000 
 334      00000000 
 334      00000000 
 337              	mix:
 338 ea607c 00000000 		.space	3840000
 338      00000000 
 338      00000000 
 338      00000000 
 338      00000000 
 339              		.text
 340              	.Letext0:
 341              		.file 9 "/Library/DaisyToolchain/0.2.0/arm/arm-none-eabi/include/machine/_default_types.h"
 342              		.file 10 "/Library/DaisyToolchain/0.2.0/arm/arm-none-eabi/include/sys/_stdint.h"
 343              		.file 11 "/Library/DaisyToolchain/0.2.0/arm/arm-none-eabi/include/stdint.h"
 344              		.file 12 "/Library/DaisyToolchain/0.2.0/arm/lib/gcc/arm-none-eabi/10.3.1/include/stddef.h"
 345              		.file 13 "/Library/DaisyToolchain/0.2.0/arm/arm-none-eabi/include/c++/10.3.1/cmath"
 346              		.file 14 "/Library/DaisyToolchain/0.2.0/arm/arm-none-eabi/include/c++/10.3.1/bits/std_abs.h"
 347              		.file 15 "/Library/DaisyToolchain/0.2.0/arm/arm-none-eabi/include/c++/10.3.1/cstdlib"
 348              		.file 16 "/Library/DaisyToolchain/0.2.0/arm/arm-none-eabi/include/c++/10.3.1/cstdint"
 349              		.file 17 "/Library/DaisyToolchain/0.2.0/arm/arm-none-eabi/include/c++/10.3.1/type_traits"
 350              		.file 18 "/Library/DaisyToolchain/0.2.0/arm/arm-none-eabi/include/c++/10.3.1/debug/debug.h"
 351              		.file 19 "/Library/DaisyToolchain/0.2.0/arm/arm-none-eabi/include/c++/10.3.1/arm-none-eabi/thumb/v
 352              		.file 20 "/Library/DaisyToolchain/0.2.0/arm/arm-none-eabi/include/c++/10.3.1/bits/algorithmfwd.h"
 353              		.file 21 "/Library/DaisyToolchain/0.2.0/arm/arm-none-eabi/include/c++/10.3.1/bits/stl_pair.h"
 354              		.file 22 "/Library/DaisyToolchain/0.2.0/arm/arm-none-eabi/include/c++/10.3.1/bits/exception_ptr.h"
 355              		.file 23 "/Library/DaisyToolchain/0.2.0/arm/arm-none-eabi/include/c++/10.3.1/cstdarg"
 356              		.file 24 "/Library/DaisyToolchain/0.2.0/arm/arm-none-eabi/include/c++/10.3.1/cstdio"
 357              		.file 25 "/Library/DaisyToolchain/0.2.0/arm/arm-none-eabi/include/c++/10.3.1/cstring"
 358              		.file 26 "/Library/DaisyToolchain/0.2.0/arm/arm-none-eabi/include/c++/10.3.1/cwchar"
 359              		.file 27 "/Library/DaisyToolchain/0.2.0/arm/arm-none-eabi/include/c++/10.3.1/clocale"
 360              		.file 28 "/Library/DaisyToolchain/0.2.0/arm/arm-none-eabi/include/c++/10.3.1/bits/basic_string.h"
 361              		.file 29 "/Library/DaisyToolchain/0.2.0/arm/arm-none-eabi/include/c++/10.3.1/bits/stl_iterator.h"
 362              		.file 30 "/Library/DaisyToolchain/0.2.0/arm/arm-none-eabi/include/c++/10.3.1/bits/predefined_ops.h
 363              		.file 31 "/Library/DaisyToolchain/0.2.0/arm/arm-none-eabi/include/sys/_types.h"
 364              		.file 32 "/Library/DaisyToolchain/0.2.0/arm/arm-none-eabi/include/sys/reent.h"
 365              		.file 33 "/Library/DaisyToolchain/0.2.0/arm/arm-none-eabi/include/sys/lock.h"
 366              		.file 34 "/Library/DaisyToolchain/0.2.0/arm/arm-none-eabi/include/math.h"
 367              		.file 35 "/Library/DaisyToolchain/0.2.0/arm/arm-none-eabi/include/stdlib.h"
 368              		.file 36 "/Library/DaisyToolchain/0.2.0/arm/arm-none-eabi/include/c++/10.3.1/math.h"
 369              		.file 37 "/Library/DaisyToolchain/0.2.0/arm/arm-none-eabi/include/c++/10.3.1/stdlib.h"
ARM GAS  /var/folders/wz/z09yph4n0qj4t7mjxhl6ttn80000gn/T//cc7JYq4b.s 			page 19


 370              		.file 38 "../../../libDaisy//src/daisy_core.h"
 371              		.file 39 "../../../libDaisy//src/per/tim.h"
 372              		.file 40 "../../../libDaisy//src/per/sai.h"
 373              		.file 41 "../../../libDaisy//src/util/wav_format.h"
 374              		.file 42 "../../../libDaisy//src/dev/max11300.h"
 375              		.file 43 "../../../libDaisy//src/per/gpio.h"
 376              		.file 44 "../../../libDaisy//src/dev/sdram.h"
 377              		.file 45 "/Library/DaisyToolchain/0.2.0/arm/lib/gcc/arm-none-eabi/10.3.1/include/stdarg.h"
 378              		.file 46 "/Library/DaisyToolchain/0.2.0/arm/arm-none-eabi/include/stdio.h"
 379              		.file 47 "/Library/DaisyToolchain/0.2.0/arm/arm-none-eabi/include/string.h"
 380              		.file 48 "../../../DaisySP//Source/Control/adenv.h"
 381              		.file 49 "../../../DaisySP//Source/Utility/dsp.h"
 382              		.file 50 "/Library/DaisyToolchain/0.2.0/arm/arm-none-eabi/include/wchar.h"
 383              		.file 51 "/Library/DaisyToolchain/0.2.0/arm/arm-none-eabi/include/locale.h"
 384              		.file 52 "DSP/Helpers.h"
 385              		.file 53 "DSP/Track.h"
 386              		.file 54 "DSP/Mixer.h"
 387              		.file 55 "<built-in>"
 388              		.file 56 "../../../libDaisy//src/dev/sr_595.h"
 389              		.file 57 "Architecture/ConnectionMatrix.h"
ARM GAS  /var/folders/wz/z09yph4n0qj4t7mjxhl6ttn80000gn/T//cc7JYq4b.s 			page 20


DEFINED SYMBOLS
                            *ABS*:0000000000000000 LoopyTunes.cpp
/var/folders/wz/z09yph4n0qj4t7mjxhl6ttn80000gn/T//cc7JYq4b.s:19     .text._ZN5daisy9DaisySeedD2Ev:0000000000000000 $t
/var/folders/wz/z09yph4n0qj4t7mjxhl6ttn80000gn/T//cc7JYq4b.s:26     .text._ZN5daisy9DaisySeedD2Ev:0000000000000000 _ZN5daisy9DaisySeedD2Ev
/var/folders/wz/z09yph4n0qj4t7mjxhl6ttn80000gn/T//cc7JYq4b.s:26     .text._ZN5daisy9DaisySeedD2Ev:0000000000000000 _ZN5daisy9DaisySeedD1Ev
/var/folders/wz/z09yph4n0qj4t7mjxhl6ttn80000gn/T//cc7JYq4b.s:67     .text._Z13AudioCallbackPKPKfPPfj:0000000000000000 $t
/var/folders/wz/z09yph4n0qj4t7mjxhl6ttn80000gn/T//cc7JYq4b.s:74     .text._Z13AudioCallbackPKPKfPPfj:0000000000000000 _Z13AudioCallbackPKPKfPPfj
/var/folders/wz/z09yph4n0qj4t7mjxhl6ttn80000gn/T//cc7JYq4b.s:97     .text._Z13AudioCallbackPKPKfPPfj:0000000000000008 $d
/var/folders/wz/z09yph4n0qj4t7mjxhl6ttn80000gn/T//cc7JYq4b.s:102    .text._Z10initialisev:0000000000000000 $t
/var/folders/wz/z09yph4n0qj4t7mjxhl6ttn80000gn/T//cc7JYq4b.s:109    .text._Z10initialisev:0000000000000000 _Z10initialisev
/var/folders/wz/z09yph4n0qj4t7mjxhl6ttn80000gn/T//cc7JYq4b.s:122    .text.startup.main:0000000000000000 $t
/var/folders/wz/z09yph4n0qj4t7mjxhl6ttn80000gn/T//cc7JYq4b.s:129    .text.startup.main:0000000000000000 main
/var/folders/wz/z09yph4n0qj4t7mjxhl6ttn80000gn/T//cc7JYq4b.s:175    .text.startup.main:0000000000000024 $d
/var/folders/wz/z09yph4n0qj4t7mjxhl6ttn80000gn/T//cc7JYq4b.s:181    .text.startup._GLOBAL__sub_I_hw:0000000000000000 $t
/var/folders/wz/z09yph4n0qj4t7mjxhl6ttn80000gn/T//cc7JYq4b.s:187    .text.startup._GLOBAL__sub_I_hw:0000000000000000 _GLOBAL__sub_I_hw
/var/folders/wz/z09yph4n0qj4t7mjxhl6ttn80000gn/T//cc7JYq4b.s:280    .text.startup._GLOBAL__sub_I_hw:0000000000000014 $d
/var/folders/wz/z09yph4n0qj4t7mjxhl6ttn80000gn/T//cc7JYq4b.s:289    .init_array:0000000000000000 $d
/var/folders/wz/z09yph4n0qj4t7mjxhl6ttn80000gn/T//cc7JYq4b.s:321    .sdram_bss:000000000000007c track4
/var/folders/wz/z09yph4n0qj4t7mjxhl6ttn80000gn/T//cc7JYq4b.s:325    .sdram_bss:00000000003a987c track3
/var/folders/wz/z09yph4n0qj4t7mjxhl6ttn80000gn/T//cc7JYq4b.s:329    .sdram_bss:000000000075307c track2
/var/folders/wz/z09yph4n0qj4t7mjxhl6ttn80000gn/T//cc7JYq4b.s:333    .sdram_bss:0000000000afc87c track1
/var/folders/wz/z09yph4n0qj4t7mjxhl6ttn80000gn/T//cc7JYq4b.s:337    .sdram_bss:0000000000ea607c mix
/var/folders/wz/z09yph4n0qj4t7mjxhl6ttn80000gn/T//cc7JYq4b.s:317    .sdram_bss:0000000000000000 mixer
/var/folders/wz/z09yph4n0qj4t7mjxhl6ttn80000gn/T//cc7JYq4b.s:303    .bss.connectionMatrix:0000000000000000 connectionMatrix
/var/folders/wz/z09yph4n0qj4t7mjxhl6ttn80000gn/T//cc7JYq4b.s:310    .bss.hw:0000000000000000 hw
/var/folders/wz/z09yph4n0qj4t7mjxhl6ttn80000gn/T//cc7JYq4b.s:300    .bss.connectionMatrix:0000000000000000 $d
/var/folders/wz/z09yph4n0qj4t7mjxhl6ttn80000gn/T//cc7JYq4b.s:306    .bss.hw:0000000000000000 $d
/var/folders/wz/z09yph4n0qj4t7mjxhl6ttn80000gn/T//cc7JYq4b.s:313    .sdram_bss:0000000000000000 $d
                           .group:0000000000000000 _ZN5daisy9DaisySeedD5Ev

UNDEFINED SYMBOLS
_ZN5Mixer12processBlockEj
_ZN5daisy9DaisySeed4InitEb
_ZN5daisy9DaisySeed17SetAudioBlockSizeEj
_ZN5daisy9DaisySeed18SetAudioSampleRateENS_9SaiHandle6Config10SampleRateE
_ZN5daisy9DaisySeed10StartAudioEPFvPKPKfPPfjE
__aeabi_atexit
__dso_handle
