ARM GAS  /var/folders/wz/z09yph4n0qj4t7mjxhl6ttn80000gn/T//ccE2p7IQ.s 			page 1


   1              		.cpu cortex-m7
   2              		.arch armv7e-m
   3              		.fpu fpv5-d16
   4              		.eabi_attribute 28, 1
   5              		.eabi_attribute 20, 1
   6              		.eabi_attribute 21, 1
   7              		.eabi_attribute 23, 3
   8              		.eabi_attribute 24, 1
   9              		.eabi_attribute 25, 1
  10              		.eabi_attribute 26, 1
  11              		.eabi_attribute 30, 4
  12              		.eabi_attribute 34, 1
  13              		.eabi_attribute 18, 4
  14              		.file	"TrackView.cpp"
  15              		.text
  16              	.Ltext0:
  17              		.cfi_sections	.debug_frame
  18              		.section	.text._ZN9TrackView4initEiP13EncoderDriverP8UiDriverP12KeypadDriver,"ax",%progbits
  19              		.align	1
  20              		.global	_ZN9TrackView4initEiP13EncoderDriverP8UiDriverP12KeypadDriver
  21              		.syntax unified
  22              		.thumb
  23              		.thumb_func
  25              	_ZN9TrackView4initEiP13EncoderDriverP8UiDriverP12KeypadDriver:
  26              	.LVL0:
  27              	.LFB5112:
  28              		.file 1 "GUI/TrackView.cpp"
   1:GUI/TrackView.cpp **** #include "TrackView.h"
   2:GUI/TrackView.cpp **** 
   3:GUI/TrackView.cpp **** void TrackView::init(int ID, EncoderDriver* driver, UiDriver* uid, KeypadDriver* kpd)
   4:GUI/TrackView.cpp **** {
  29              		.loc 1 4 1 view -0
  30              		.cfi_startproc
  31              		@ args = 4, pretend = 0, frame = 0
  32              		@ frame_needed = 0, uses_anonymous_args = 0
   5:GUI/TrackView.cpp ****     trackID = ID;
  33              		.loc 1 5 5 view .LVU1
   4:GUI/TrackView.cpp ****     trackID = ID;
  34              		.loc 1 4 1 is_stmt 0 view .LVU2
  35 0000 73B5     		push	{r0, r1, r4, r5, r6, lr}
  36              		.cfi_def_cfa_offset 24
  37              		.cfi_offset 4, -16
  38              		.cfi_offset 5, -12
  39              		.cfi_offset 6, -8
  40              		.cfi_offset 14, -4
   4:GUI/TrackView.cpp ****     trackID = ID;
  41              		.loc 1 4 1 view .LVU3
  42 0002 0446     		mov	r4, r0
  43 0004 0698     		ldr	r0, [sp, #24]
  44              	.LVL1:
   4:GUI/TrackView.cpp ****     trackID = ID;
  45              		.loc 1 4 1 view .LVU4
  46 0006 0D46     		mov	r5, r1
  47 0008 1646     		mov	r6, r2
   6:GUI/TrackView.cpp **** 
   7:GUI/TrackView.cpp ****     lcd = uid;
   8:GUI/TrackView.cpp ****     keypad = kpd;
ARM GAS  /var/folders/wz/z09yph4n0qj4t7mjxhl6ttn80000gn/T//ccE2p7IQ.s 			page 2


  48              		.loc 1 8 12 view .LVU5
  49 000a A060     		str	r0, [r4, #8]
   9:GUI/TrackView.cpp **** 
  10:GUI/TrackView.cpp ****     pitchShiftView.init(ID, driver, lcd, keypad);
  50              		.loc 1 10 24 view .LVU6
  51 000c 0090     		str	r0, [sp]
  52 000e 04F10C00 		add	r0, r4, #12
   7:GUI/TrackView.cpp ****     keypad = kpd;
  53              		.loc 1 7 9 view .LVU7
  54 0012 C4E90013 		strd	r1, r3, [r4]
   8:GUI/TrackView.cpp **** 
  55              		.loc 1 8 5 is_stmt 1 view .LVU8
  56              		.loc 1 10 5 view .LVU9
  57              		.loc 1 10 24 is_stmt 0 view .LVU10
  58 0016 FFF7FEFF 		bl	_ZN14PitchShiftView4initEiP13EncoderDriverP8UiDriverP12KeypadDriver
  59              	.LVL2:
  11:GUI/TrackView.cpp ****     waveshaperView.init(ID, driver, lcd, keypad);
  60              		.loc 1 11 5 is_stmt 1 view .LVU11
  61              		.loc 1 11 24 is_stmt 0 view .LVU12
  62 001a A368     		ldr	r3, [r4, #8]
  63 001c 3246     		mov	r2, r6
  64 001e 2946     		mov	r1, r5
  65 0020 04F16C00 		add	r0, r4, #108
  66 0024 0093     		str	r3, [sp]
  67 0026 6368     		ldr	r3, [r4, #4]
  68 0028 FFF7FEFF 		bl	_ZN14WaveshaperView4initEiP13EncoderDriverP8UiDriverP12KeypadDriver
  69              	.LVL3:
  12:GUI/TrackView.cpp ****     filterView.init(ID, driver, lcd, keypad);
  70              		.loc 1 12 5 is_stmt 1 view .LVU13
  71              		.loc 1 12 20 is_stmt 0 view .LVU14
  72 002c A368     		ldr	r3, [r4, #8]
  73 002e 3246     		mov	r2, r6
  74 0030 2946     		mov	r1, r5
  75 0032 04F1E000 		add	r0, r4, #224
  76 0036 0093     		str	r3, [sp]
  77 0038 6368     		ldr	r3, [r4, #4]
  78 003a FFF7FEFF 		bl	_ZN10FilterView4initEiP13EncoderDriverP8UiDriverP12KeypadDriver
  79              	.LVL4:
  13:GUI/TrackView.cpp ****     delayView.init(ID, driver, lcd, keypad);
  80              		.loc 1 13 5 is_stmt 1 view .LVU15
  81              		.loc 1 13 19 is_stmt 0 view .LVU16
  82 003e A368     		ldr	r3, [r4, #8]
  83 0040 3246     		mov	r2, r6
  84 0042 2946     		mov	r1, r5
  85 0044 04F5DA70 		add	r0, r4, #436
  86 0048 0093     		str	r3, [sp]
  87 004a 6368     		ldr	r3, [r4, #4]
  88 004c FFF7FEFF 		bl	_ZN9DelayView4initEiP13EncoderDriverP8UiDriverP12KeypadDriver
  89              	.LVL5:
  14:GUI/TrackView.cpp ****     reverbView.init(ID, driver, lcd, keypad);
  90              		.loc 1 14 5 is_stmt 1 view .LVU17
  91              		.loc 1 14 20 is_stmt 0 view .LVU18
  92 0050 A368     		ldr	r3, [r4, #8]
  93 0052 3246     		mov	r2, r6
  94 0054 2946     		mov	r1, r5
  95 0056 0693     		str	r3, [sp, #24]
  96              	.LVL6:
ARM GAS  /var/folders/wz/z09yph4n0qj4t7mjxhl6ttn80000gn/T//ccE2p7IQ.s 			page 3


  97              		.loc 1 14 20 view .LVU19
  98 0058 04F5AA70 		add	r0, r4, #340
  99 005c 6368     		ldr	r3, [r4, #4]
  15:GUI/TrackView.cpp **** }
 100              		.loc 1 15 1 view .LVU20
 101 005e 02B0     		add	sp, sp, #8
 102              		.cfi_def_cfa_offset 16
 103              		@ sp needed
 104 0060 BDE87040 		pop	{r4, r5, r6, lr}
 105              		.cfi_restore 14
 106              		.cfi_restore 6
 107              		.cfi_restore 5
 108              		.cfi_restore 4
 109              		.cfi_def_cfa_offset 0
 110              	.LVL7:
  14:GUI/TrackView.cpp ****     reverbView.init(ID, driver, lcd, keypad);
 111              		.loc 1 14 20 view .LVU21
 112 0064 FFF7FEBF 		b	_ZN10ReverbView4initEiP13EncoderDriverP8UiDriverP12KeypadDriver
 113              	.LVL8:
  14:GUI/TrackView.cpp ****     reverbView.init(ID, driver, lcd, keypad);
 114              		.loc 1 14 20 view .LVU22
 115              		.cfi_endproc
 116              	.LFE5112:
 118              		.section	.text._ZN9TrackView4tickEv,"ax",%progbits
 119              		.align	1
 120              		.global	_ZN9TrackView4tickEv
 121              		.syntax unified
 122              		.thumb
 123              		.thumb_func
 125              	_ZN9TrackView4tickEv:
 126              	.LVL9:
 127              	.LFB5113:
  16:GUI/TrackView.cpp **** 
  17:GUI/TrackView.cpp **** void TrackView::tick()
  18:GUI/TrackView.cpp **** {
 128              		.loc 1 18 1 is_stmt 1 view -0
 129              		.cfi_startproc
 130              		@ args = 0, pretend = 0, frame = 0
 131              		@ frame_needed = 0, uses_anonymous_args = 0
  19:GUI/TrackView.cpp ****     pitchShiftView.tick();
 132              		.loc 1 19 5 view .LVU24
  18:GUI/TrackView.cpp ****     pitchShiftView.tick();
 133              		.loc 1 18 1 is_stmt 0 view .LVU25
 134 0000 10B5     		push	{r4, lr}
 135              		.cfi_def_cfa_offset 8
 136              		.cfi_offset 4, -8
 137              		.cfi_offset 14, -4
  18:GUI/TrackView.cpp ****     pitchShiftView.tick();
 138              		.loc 1 18 1 view .LVU26
 139 0002 0446     		mov	r4, r0
 140              		.loc 1 19 24 view .LVU27
 141 0004 0C30     		adds	r0, r0, #12
 142              	.LVL10:
 143              		.loc 1 19 24 view .LVU28
 144 0006 FFF7FEFF 		bl	_ZN14PitchShiftView4tickEv
 145              	.LVL11:
  20:GUI/TrackView.cpp ****     waveshaperView.tick();
ARM GAS  /var/folders/wz/z09yph4n0qj4t7mjxhl6ttn80000gn/T//ccE2p7IQ.s 			page 4


 146              		.loc 1 20 5 is_stmt 1 view .LVU29
 147              		.loc 1 20 24 is_stmt 0 view .LVU30
 148 000a 04F16C00 		add	r0, r4, #108
 149 000e FFF7FEFF 		bl	_ZN14WaveshaperView4tickEv
 150              	.LVL12:
  21:GUI/TrackView.cpp ****     filterView.tick();
 151              		.loc 1 21 5 is_stmt 1 view .LVU31
 152              		.loc 1 21 20 is_stmt 0 view .LVU32
 153 0012 04F1E000 		add	r0, r4, #224
 154 0016 FFF7FEFF 		bl	_ZN10FilterView4tickEv
 155              	.LVL13:
  22:GUI/TrackView.cpp ****     delayView.tick();
 156              		.loc 1 22 5 is_stmt 1 view .LVU33
 157              		.loc 1 22 19 is_stmt 0 view .LVU34
 158 001a 04F5DA70 		add	r0, r4, #436
 159 001e FFF7FEFF 		bl	_ZN9DelayView4tickEv
 160              	.LVL14:
  23:GUI/TrackView.cpp ****     reverbView.tick();
 161              		.loc 1 23 5 is_stmt 1 view .LVU35
 162              		.loc 1 23 20 is_stmt 0 view .LVU36
 163 0022 04F5AA70 		add	r0, r4, #340
  24:GUI/TrackView.cpp **** 
  25:GUI/TrackView.cpp ****     if(isOpen)
  26:GUI/TrackView.cpp ****         repaint();
  27:GUI/TrackView.cpp **** }
 164              		.loc 1 27 1 view .LVU37
 165 0026 BDE81040 		pop	{r4, lr}
 166              		.cfi_restore 14
 167              		.cfi_restore 4
 168              		.cfi_def_cfa_offset 0
 169              	.LVL15:
  23:GUI/TrackView.cpp ****     reverbView.tick();
 170              		.loc 1 23 20 view .LVU38
 171 002a FFF7FEBF 		b	_ZN10ReverbView4tickEv
 172              	.LVL16:
  23:GUI/TrackView.cpp ****     reverbView.tick();
 173              		.loc 1 23 20 view .LVU39
 174              		.cfi_endproc
 175              	.LFE5113:
 177              		.section	.text._ZN9TrackView7repaintEv,"ax",%progbits
 178              		.align	1
 179              		.global	_ZN9TrackView7repaintEv
 180              		.syntax unified
 181              		.thumb
 182              		.thumb_func
 184              	_ZN9TrackView7repaintEv:
 185              	.LVL17:
 186              	.LFB5114:
  28:GUI/TrackView.cpp **** 
  29:GUI/TrackView.cpp **** void TrackView::repaint()
  30:GUI/TrackView.cpp **** {
 187              		.loc 1 30 1 is_stmt 1 view -0
 188              		.cfi_startproc
 189              		@ args = 0, pretend = 0, frame = 0
 190              		@ frame_needed = 0, uses_anonymous_args = 0
 191              		@ link register save eliminated.
  31:GUI/TrackView.cpp ****     
ARM GAS  /var/folders/wz/z09yph4n0qj4t7mjxhl6ttn80000gn/T//ccE2p7IQ.s 			page 5


  32:GUI/TrackView.cpp **** }
 192              		.loc 1 32 1 is_stmt 0 view .LVU41
 193 0000 7047     		bx	lr
 194              		.cfi_endproc
 195              	.LFE5114:
 197              		.section	.text._ZN9TrackView5clearEv,"ax",%progbits
 198              		.align	1
 199              		.global	_ZN9TrackView5clearEv
 200              		.syntax unified
 201              		.thumb
 202              		.thumb_func
 204              	_ZN9TrackView5clearEv:
 205              	.LFB5929:
 206              		.cfi_startproc
 207              		@ args = 0, pretend = 0, frame = 0
 208              		@ frame_needed = 0, uses_anonymous_args = 0
 209              		@ link register save eliminated.
 210 0000 7047     		bx	lr
 211              		.cfi_endproc
 212              	.LFE5929:
 214              		.text
 215              	.Letext0:
 216              		.file 2 "/Library/DaisyToolchain/0.2.0/arm/arm-none-eabi/include/machine/_default_types.h"
 217              		.file 3 "/Library/DaisyToolchain/0.2.0/arm/arm-none-eabi/include/sys/_stdint.h"
 218              		.file 4 "/Library/DaisyToolchain/0.2.0/arm/arm-none-eabi/include/stdint.h"
 219              		.file 5 "/Library/DaisyToolchain/0.2.0/arm/lib/gcc/arm-none-eabi/10.3.1/include/stddef.h"
 220              		.file 6 "/Library/DaisyToolchain/0.2.0/arm/arm-none-eabi/include/c++/10.3.1/cmath"
 221              		.file 7 "/Library/DaisyToolchain/0.2.0/arm/arm-none-eabi/include/c++/10.3.1/bits/std_abs.h"
 222              		.file 8 "/Library/DaisyToolchain/0.2.0/arm/arm-none-eabi/include/c++/10.3.1/cstdlib"
 223              		.file 9 "/Library/DaisyToolchain/0.2.0/arm/arm-none-eabi/include/c++/10.3.1/cstdint"
 224              		.file 10 "/Library/DaisyToolchain/0.2.0/arm/arm-none-eabi/include/c++/10.3.1/type_traits"
 225              		.file 11 "/Library/DaisyToolchain/0.2.0/arm/arm-none-eabi/include/c++/10.3.1/arm-none-eabi/thumb/v
 226              		.file 12 "/Library/DaisyToolchain/0.2.0/arm/arm-none-eabi/include/c++/10.3.1/bits/stl_pair.h"
 227              		.file 13 "/Library/DaisyToolchain/0.2.0/arm/arm-none-eabi/include/c++/10.3.1/debug/debug.h"
 228              		.file 14 "/Library/DaisyToolchain/0.2.0/arm/arm-none-eabi/include/c++/10.3.1/bits/algorithmfwd.h"
 229              		.file 15 "/Library/DaisyToolchain/0.2.0/arm/arm-none-eabi/include/c++/10.3.1/bits/exception_ptr.h"
 230              		.file 16 "/Library/DaisyToolchain/0.2.0/arm/arm-none-eabi/include/c++/10.3.1/cstdarg"
 231              		.file 17 "/Library/DaisyToolchain/0.2.0/arm/arm-none-eabi/include/c++/10.3.1/cstdio"
 232              		.file 18 "/Library/DaisyToolchain/0.2.0/arm/arm-none-eabi/include/c++/10.3.1/cstring"
 233              		.file 19 "/Library/DaisyToolchain/0.2.0/arm/arm-none-eabi/include/c++/10.3.1/bits/uses_allocator.h
 234              		.file 20 "/Library/DaisyToolchain/0.2.0/arm/arm-none-eabi/include/c++/10.3.1/tuple"
 235              		.file 21 "/Library/DaisyToolchain/0.2.0/arm/arm-none-eabi/include/c++/10.3.1/bits/std_function.h"
 236              		.file 22 "/Library/DaisyToolchain/0.2.0/arm/arm-none-eabi/include/c++/10.3.1/functional"
 237              		.file 23 "/Library/DaisyToolchain/0.2.0/arm/arm-none-eabi/include/c++/10.3.1/bits/refwrap.h"
 238              		.file 24 "/Library/DaisyToolchain/0.2.0/arm/arm-none-eabi/include/c++/10.3.1/cwchar"
 239              		.file 25 "/Library/DaisyToolchain/0.2.0/arm/arm-none-eabi/include/c++/10.3.1/clocale"
 240              		.file 26 "/Library/DaisyToolchain/0.2.0/arm/arm-none-eabi/include/c++/10.3.1/bits/basic_string.h"
 241              		.file 27 "/Library/DaisyToolchain/0.2.0/arm/arm-none-eabi/include/c++/10.3.1/bits/stl_iterator.h"
 242              		.file 28 "/Library/DaisyToolchain/0.2.0/arm/arm-none-eabi/include/c++/10.3.1/bits/stl_function.h"
 243              		.file 29 "/Library/DaisyToolchain/0.2.0/arm/arm-none-eabi/include/c++/10.3.1/bits/allocator.h"
 244              		.file 30 "/Library/DaisyToolchain/0.2.0/arm/arm-none-eabi/include/c++/10.3.1/bits/alloc_traits.h"
 245              		.file 31 "/Library/DaisyToolchain/0.2.0/arm/arm-none-eabi/include/c++/10.3.1/bits/stl_vector.h"
 246              		.file 32 "/Library/DaisyToolchain/0.2.0/arm/arm-none-eabi/include/c++/10.3.1/bits/vector.tcc"
 247              		.file 33 "/Library/DaisyToolchain/0.2.0/arm/arm-none-eabi/include/c++/10.3.1/bits/stl_iterator_bas
 248              		.file 34 "/Library/DaisyToolchain/0.2.0/arm/arm-none-eabi/include/c++/10.3.1/bits/predefined_ops.h
 249              		.file 35 "/Library/DaisyToolchain/0.2.0/arm/arm-none-eabi/include/c++/10.3.1/ext/new_allocator.h"
 250              		.file 36 "/Library/DaisyToolchain/0.2.0/arm/arm-none-eabi/include/c++/10.3.1/ext/alloc_traits.h"
ARM GAS  /var/folders/wz/z09yph4n0qj4t7mjxhl6ttn80000gn/T//ccE2p7IQ.s 			page 6


 251              		.file 37 "/Library/DaisyToolchain/0.2.0/arm/arm-none-eabi/include/sys/_types.h"
 252              		.file 38 "<built-in>"
 253              		.file 39 "/Library/DaisyToolchain/0.2.0/arm/arm-none-eabi/include/sys/reent.h"
 254              		.file 40 "/Library/DaisyToolchain/0.2.0/arm/arm-none-eabi/include/sys/lock.h"
 255              		.file 41 "/Library/DaisyToolchain/0.2.0/arm/arm-none-eabi/include/math.h"
 256              		.file 42 "/Library/DaisyToolchain/0.2.0/arm/arm-none-eabi/include/stdlib.h"
 257              		.file 43 "/Library/DaisyToolchain/0.2.0/arm/arm-none-eabi/include/c++/10.3.1/math.h"
 258              		.file 44 "GUI/../Parameters/ParameterIDs.h"
 259              		.file 45 "/Library/DaisyToolchain/0.2.0/arm/arm-none-eabi/include/c++/10.3.1/stdlib.h"
 260              		.file 46 "../../../libDaisy//src/daisy_core.h"
 261              		.file 47 "../../../libDaisy//src/hid/switch.h"
 262              		.file 48 "../../../libDaisy//src/per/spi.h"
 263              		.file 49 "../../../libDaisy//src/hid/disp/graphics_common.h"
 264              		.file 50 "../../../libDaisy//src/util/wav_format.h"
 265              		.file 51 "../../../libDaisy//src/dev/max11300.h"
 266              		.file 52 "../../../libDaisy//src/daisy_seed.h"
 267              		.file 53 "../../../libDaisy//src/per/gpio.h"
 268              		.file 54 "/Library/DaisyToolchain/0.2.0/arm/lib/gcc/arm-none-eabi/10.3.1/include/stdarg.h"
 269              		.file 55 "/Library/DaisyToolchain/0.2.0/arm/arm-none-eabi/include/stdio.h"
 270              		.file 56 "../../../libDaisy//src/util/oled_fonts.h"
 271              		.file 57 "/Library/DaisyToolchain/0.2.0/arm/arm-none-eabi/include/string.h"
 272              		.file 58 "GUI/FX/../../Drivers/../Parameters/BinaryParameter.h"
 273              		.file 59 "GUI/FX/../../Drivers/KeypadDriver.h"
 274              		.file 60 "../../../DaisySP//Source/Control/adenv.h"
 275              		.file 61 "../../../DaisySP//Source/Utility/dsp.h"
 276              		.file 62 "/Library/DaisyToolchain/0.2.0/arm/arm-none-eabi/include/wchar.h"
 277              		.file 63 "/Library/DaisyToolchain/0.2.0/arm/arm-none-eabi/include/locale.h"
 278              		.file 64 "GUI/FX/../../Drivers/../Parameters/SteppedParameter.h"
 279              		.file 65 "GUI/FX/../../Drivers/EncoderDriver.h"
 280              		.file 66 "GUI/FX/../../Drivers/daisy_ILI9341.hpp"
 281              		.file 67 "GUI/FX/StyleSheet.h"
 282              		.file 68 "../../../libDaisy//src/dev/sr_595.h"
 283              		.file 69 "GUI/FX/BypassButton.h"
 284              		.file 70 "GUI/FX/SteppedSlider.h"
 285              		.file 71 "GUI/FX/PitchShiftView.h"
 286              		.file 72 "GUI/FX/WaveshaperView.h"
 287              		.file 73 "GUI/FX/FilterView.h"
 288              		.file 74 "GUI/FX/ReverbView.h"
 289              		.file 75 "GUI/FX/DelayView.h"
 290              		.file 76 "GUI/TrackView.h"
ARM GAS  /var/folders/wz/z09yph4n0qj4t7mjxhl6ttn80000gn/T//ccE2p7IQ.s 			page 7


DEFINED SYMBOLS
                            *ABS*:0000000000000000 TrackView.cpp
/var/folders/wz/z09yph4n0qj4t7mjxhl6ttn80000gn/T//ccE2p7IQ.s:19     .text._ZN9TrackView4initEiP13EncoderDriverP8UiDriverP12KeypadDriver:0000000000000000 $t
/var/folders/wz/z09yph4n0qj4t7mjxhl6ttn80000gn/T//ccE2p7IQ.s:25     .text._ZN9TrackView4initEiP13EncoderDriverP8UiDriverP12KeypadDriver:0000000000000000 _ZN9TrackView4initEiP13EncoderDriverP8UiDriverP12KeypadDriver
/var/folders/wz/z09yph4n0qj4t7mjxhl6ttn80000gn/T//ccE2p7IQ.s:119    .text._ZN9TrackView4tickEv:0000000000000000 $t
/var/folders/wz/z09yph4n0qj4t7mjxhl6ttn80000gn/T//ccE2p7IQ.s:125    .text._ZN9TrackView4tickEv:0000000000000000 _ZN9TrackView4tickEv
/var/folders/wz/z09yph4n0qj4t7mjxhl6ttn80000gn/T//ccE2p7IQ.s:178    .text._ZN9TrackView7repaintEv:0000000000000000 $t
/var/folders/wz/z09yph4n0qj4t7mjxhl6ttn80000gn/T//ccE2p7IQ.s:184    .text._ZN9TrackView7repaintEv:0000000000000000 _ZN9TrackView7repaintEv
/var/folders/wz/z09yph4n0qj4t7mjxhl6ttn80000gn/T//ccE2p7IQ.s:198    .text._ZN9TrackView5clearEv:0000000000000000 $t
/var/folders/wz/z09yph4n0qj4t7mjxhl6ttn80000gn/T//ccE2p7IQ.s:204    .text._ZN9TrackView5clearEv:0000000000000000 _ZN9TrackView5clearEv

UNDEFINED SYMBOLS
_ZN14PitchShiftView4initEiP13EncoderDriverP8UiDriverP12KeypadDriver
_ZN14WaveshaperView4initEiP13EncoderDriverP8UiDriverP12KeypadDriver
_ZN10FilterView4initEiP13EncoderDriverP8UiDriverP12KeypadDriver
_ZN9DelayView4initEiP13EncoderDriverP8UiDriverP12KeypadDriver
_ZN10ReverbView4initEiP13EncoderDriverP8UiDriverP12KeypadDriver
_ZN14PitchShiftView4tickEv
_ZN14WaveshaperView4tickEv
_ZN10FilterView4tickEv
_ZN9DelayView4tickEv
_ZN10ReverbView4tickEv
